Using pre-set license
Built from '2022.3/staging' branch; Version is '2022.3.56f1 (dd0c98481d00) revision 14486680'; Using compiler version '192829333'; Build Type 'Release'
OS: 'Windows 11  (10.0.26100) 64bit Core' Language: 'ja' Physical Memory: 16068 MB
BatchMode: 1, IsHumanControllingUs: 0, StartBugReporterOnCrash: 0, Is64bit: 1, IsPro: 1

COMMAND LINE ARGUMENTS:
C:\Program Files\Unity\Hub\Editor\2022.3.56f1\Editor\Unity.exe
-adb2
-batchMode
-noUpm
-name
AssetImportWorker5
-projectPath
C:/Users/yuho2/My project
-logFile
Logs/AssetImportWorker5.log
-srvPort
50788
Successfully changed project path to: C:/Users/yuho2/My project
C:/Users/yuho2/My project
[UnityMemory] Configuration Parameters - Can be set up in boot.config
    "memorysetup-bucket-allocator-granularity=16"
    "memorysetup-bucket-allocator-bucket-count=8"
    "memorysetup-bucket-allocator-block-size=33554432"
    "memorysetup-bucket-allocator-block-count=8"
    "memorysetup-main-allocator-block-size=16777216"
    "memorysetup-thread-allocator-block-size=16777216"
    "memorysetup-gfx-main-allocator-block-size=16777216"
    "memorysetup-gfx-thread-allocator-block-size=16777216"
    "memorysetup-cache-allocator-block-size=4194304"
    "memorysetup-typetree-allocator-block-size=2097152"
    "memorysetup-profiler-bucket-allocator-granularity=16"
    "memorysetup-profiler-bucket-allocator-bucket-count=8"
    "memorysetup-profiler-bucket-allocator-block-size=33554432"
    "memorysetup-profiler-bucket-allocator-block-count=8"
    "memorysetup-profiler-allocator-block-size=16777216"
    "memorysetup-profiler-editor-allocator-block-size=1048576"
    "memorysetup-temp-allocator-size-main=16777216"
    "memorysetup-job-temp-allocator-block-size=2097152"
    "memorysetup-job-temp-allocator-block-size-background=1048576"
    "memorysetup-job-temp-allocator-reduction-small-platforms=262144"
    "memorysetup-allocator-temp-initial-block-size-main=262144"
    "memorysetup-allocator-temp-initial-block-size-worker=262144"
    "memorysetup-temp-allocator-size-background-worker=32768"
    "memorysetup-temp-allocator-size-job-worker=262144"
    "memorysetup-temp-allocator-size-preload-manager=33554432"
    "memorysetup-temp-allocator-size-nav-mesh-worker=65536"
    "memorysetup-temp-allocator-size-audio-worker=65536"
    "memorysetup-temp-allocator-size-cloud-worker=32768"
    "memorysetup-temp-allocator-size-gi-baking-worker=262144"
    "memorysetup-temp-allocator-size-gfx=262144"
Player connection [544]  Target information:

Player connection [544]  * "[IP] 169.254.173.44 [Port] 0 [Flags] 2 [Guid] 740380776 [EditorId] 740380776 [Version] 1048832 [Id] WindowsEditor(7,DESKTOP-06HAV4D) [Debug] 1 [PackageName] WindowsEditor [ProjectName] Editor" 

Player connection [544]  * "[IP] 172.29.128.1 [Port] 0 [Flags] 2 [Guid] 740380776 [EditorId] 740380776 [Version] 1048832 [Id] WindowsEditor(7,DESKTOP-06HAV4D) [Debug] 1 [PackageName] WindowsEditor [ProjectName] Editor" 

Player connection [544]  * "[IP] 192.168.2.128 [Port] 0 [Flags] 2 [Guid] 740380776 [EditorId] 740380776 [Version] 1048832 [Id] WindowsEditor(7,DESKTOP-06HAV4D) [Debug] 1 [PackageName] WindowsEditor [ProjectName] Editor" 

Player connection [544] Host joined multi-casting on [225.0.0.222:54997]...
Player connection [544] Host joined alternative multi-casting on [225.0.0.222:34997]...
Input System module state changed to: Initialized.
[PhysX] Initialized MultithreadedTaskDispatcher with 24 workers.
Refreshing native plugins compatible for Editor in 8.10 ms, found 4 plugins.
Preloading 0 native plugins for Editor in 0.00 ms.
Initialize engine version: 2022.3.56f1 (dd0c98481d00)
[Subsystems] Discovering subsystems at path C:/Program Files/Unity/Hub/Editor/2022.3.56f1/Editor/Data/Resources/UnitySubsystems
[Subsystems] Discovering subsystems at path C:/Users/yuho2/My project/Assets
GfxDevice: creating device client; threaded=0; jobified=0
Direct3D:
    Version:  Direct3D 11.0 [level 11.1]
    Renderer: Intel(R) UHD Graphics 770 (ID=0xa780)
    Vendor:   Intel
    VRAM:     8034 MB
    Driver:   32.0.101.6078
Initialize mono
Mono path[0] = 'C:/Program Files/Unity/Hub/Editor/2022.3.56f1/Editor/Data/Managed'
Mono path[1] = 'C:/Program Files/Unity/Hub/Editor/2022.3.56f1/Editor/Data/MonoBleedingEdge/lib/mono/unityjit-win32'
Mono config path = 'C:/Program Files/Unity/Hub/Editor/2022.3.56f1/Editor/Data/MonoBleedingEdge/etc'
Using monoOptions --debugger-agent=transport=dt_socket,embedding=1,server=y,suspend=n,address=127.0.0.1:56808
Begin MonoManager ReloadAssembly
Registering precompiled unity dll's ...
Register platform support module: C:/Program Files/Unity/Hub/Editor/2022.3.56f1/Editor/Data/PlaybackEngines/iOSSupport/UnityEditor.iOS.Extensions.dll
Register platform support module: C:/Program Files/Unity/Hub/Editor/2022.3.56f1/Editor/Data/PlaybackEngines/WindowsStandaloneSupport/UnityEditor.WindowsStandalone.Extensions.dll
Registered in 0.007891 seconds.
- Loaded All Assemblies, in  0.419 seconds
Native extension for WindowsStandalone target not found
[usbmuxd] Start listen thread
[usbmuxd] Listen thread started
Native extension for iOS target not found
Mono: successfully reloaded assembly
- Finished resetting the current domain, in  0.341 seconds
Domain Reload Profiling: 759ms
	BeginReloadAssembly (145ms)
		ExecutionOrderSort (0ms)
		DisableScriptedObjects (0ms)
		BackupInstance (0ms)
		ReleaseScriptingObjects (0ms)
		CreateAndSetChildDomain (1ms)
	RebuildCommonClasses (31ms)
	RebuildNativeTypeToScriptingClass (9ms)
	initialDomainReloadingComplete (60ms)
	LoadAllAssembliesAndSetupDomain (172ms)
		LoadAssemblies (145ms)
		RebuildTransferFunctionScriptingTraits (0ms)
		AnalyzeDomain (169ms)
			TypeCache.Refresh (165ms)
				TypeCache.ScanAssembly (147ms)
			ScanForSourceGeneratedMonoScriptInfo (1ms)
			ResolveRequiredComponents (1ms)
	FinalizeReload (341ms)
		ReleaseScriptCaches (0ms)
		RebuildScriptCaches (0ms)
		SetupLoadedEditorAssemblies (285ms)
			LogAssemblyErrors (0ms)
			InitializePlatformSupportModulesInManaged (35ms)
			SetLoadedEditorAssemblies (7ms)
			RefreshPlugins (0ms)
			BeforeProcessingInitializeOnLoad (3ms)
			ProcessInitializeOnLoadAttributes (187ms)
			ProcessInitializeOnLoadMethodAttributes (54ms)
			AfterProcessingInitializeOnLoad (0ms)
			EditorAssembliesLoaded (0ms)
		ExecutionOrderSort2 (0ms)
		AwakeInstancesAfterBackupRestoration (0ms)
========================================================================
Worker process is ready to serve import requests
Caller must complete domain reload
Begin MonoManager ReloadAssembly
- Loaded All Assemblies, in  0.821 seconds
Native extension for WindowsStandalone target not found
Native extension for iOS target not found
Mono: successfully reloaded assembly
- Finished resetting the current domain, in  0.894 seconds
Domain Reload Profiling: 1713ms
	BeginReloadAssembly (202ms)
		ExecutionOrderSort (0ms)
		DisableScriptedObjects (6ms)
		BackupInstance (0ms)
		ReleaseScriptingObjects (0ms)
		CreateAndSetChildDomain (36ms)
	RebuildCommonClasses (33ms)
	RebuildNativeTypeToScriptingClass (7ms)
	initialDomainReloadingComplete (47ms)
	LoadAllAssembliesAndSetupDomain (530ms)
		LoadAssemblies (486ms)
		RebuildTransferFunctionScriptingTraits (0ms)
		AnalyzeDomain (165ms)
			TypeCache.Refresh (143ms)
				TypeCache.ScanAssembly (114ms)
			ScanForSourceGeneratedMonoScriptInfo (14ms)
			ResolveRequiredComponents (7ms)
	FinalizeReload (894ms)
		ReleaseScriptCaches (0ms)
		RebuildScriptCaches (0ms)
		SetupLoadedEditorAssemblies (741ms)
			LogAssemblyErrors (0ms)
			InitializePlatformSupportModulesInManaged (22ms)
			SetLoadedEditorAssemblies (6ms)
			RefreshPlugins (0ms)
			BeforeProcessingInitializeOnLoad (59ms)
			ProcessInitializeOnLoadAttributes (627ms)
			ProcessInitializeOnLoadMethodAttributes (20ms)
			AfterProcessingInitializeOnLoad (6ms)
			EditorAssembliesLoaded (0ms)
		ExecutionOrderSort2 (0ms)
		AwakeInstancesAfterBackupRestoration (8ms)
Launched and connected shader compiler UnityShaderCompiler.exe after 0.06 seconds
Refreshing native plugins compatible for Editor in 4.95 ms, found 4 plugins.
Preloading 0 native plugins for Editor in 0.00 ms.
Unloading 3144 Unused Serialized files (Serialized files now loaded: 0)
Unloading 20 unused Assets / (55.1 KB). Loaded Objects now: 3611.
Memory consumption went from 124.7 MB to 124.6 MB.
Total: 8.797300 ms (FindLiveObjects: 0.841200 ms CreateObjectMapping: 0.444400 ms MarkObjects: 7.207700 ms  DeleteObjects: 0.300800 ms)

AssetImportParameters requested are different than current active one (requested -> active):
  custom:container-demuxer-ogg: 62fdf1f143b41e24485cea50d1cbac27 -> 
  custom:video-decoder-ogg-theora: a1e56fd34408186e4bbccfd4996cb3dc -> 
  custom:framework-win-MediaFoundation: 216162199b28c13a410421893ffa2e32 -> 
  custom:CustomObjectIndexerAttribute: 9a22284fe3817be447336de3de66b15e -> 
  custom:container-demuxer-webm: 4f35f7cbe854078d1ac9338744f61a02 -> 
  custom:container-muxer-webm: aa71ff27fc2769a1b78a27578f13a17b -> 
  custom:video-decoder-webm-vp8: 9c59270c3fd7afecdb556c50c9e8de78 -> 
  custom:SearchIndexIgnoredProperties: e643bd26f0fe6173181afceb89e7c659 -> 
  custom:AudioImporter_EditorPlatform: d09bf68614088b80899f8185d706f6e7 -> 
  custom:video-encoder-webm-vp8: eb34c28f22e8b96e1ab97ce403110664 -> 
  custom:audio-decoder-ogg-vorbis: bf7c407c2cedff20999df2af8eb42d56 -> 
  custom:audio-encoder-webm-vorbis: bf7c407c2cedff20999df2af8eb42d56 -> 
========================================================================
Received Import Request.
  Time since last request: 3794.870913 seconds.
  path: Assets/Low Poly Furniture/Prefabs/Flower/Blue Flower.prefab
  artifactKey: Guid(519d9508d15314641a87cd2f280cf85c) Importer(2089858483,0ecaa5967403d082aa24f35e1b516d23)
Start importing Assets/Low Poly Furniture/Prefabs/Flower/Blue Flower.prefab using Guid(519d9508d15314641a87cd2f280cf85c) Importer(2089858483,0ecaa5967403d082aa24f35e1b516d23) [PhysX] Initialized MultithreadedTaskDispatcher with 24 workers.
 -> (artifact id: 'f937ec56d5576132a5af0630d0615860') in 0.163303 seconds
Number of updated asset objects reloaded before import = 0
Number of asset objects unloaded after import = 8
========================================================================
Received Import Request.
  Time since last request: 0.000055 seconds.
  path: Assets/SunboxGames/Avatars/Materials/Skin/Skin_Female_03.mat
  artifactKey: Guid(f95c653cce88d2942b27da901016df8b) Importer(2089858483,0ecaa5967403d082aa24f35e1b516d23)
Start importing Assets/SunboxGames/Avatars/Materials/Skin/Skin_Female_03.mat using Guid(f95c653cce88d2942b27da901016df8b) Importer(2089858483,0ecaa5967403d082aa24f35e1b516d23) [PhysX] Initialized MultithreadedTaskDispatcher with 24 workers.
 -> (artifact id: 'feed8be3d6b1c936f48e80432bb73730') in 0.063119 seconds
Number of updated asset objects reloaded before import = 0
Number of asset objects unloaded after import = 3
========================================================================
Received Import Request.
  Time since last request: 0.000048 seconds.
  path: Assets/SunboxGames/Avatars/Resources/Presets/avatar_preset_rasta_guy.txt
  artifactKey: Guid(f2950ce2bb8ee2045a0088c17c867c68) Importer(2089858483,0ecaa5967403d082aa24f35e1b516d23)
Start importing Assets/SunboxGames/Avatars/Resources/Presets/avatar_preset_rasta_guy.txt using Guid(f2950ce2bb8ee2045a0088c17c867c68) Importer(2089858483,0ecaa5967403d082aa24f35e1b516d23) [PhysX] Initialized MultithreadedTaskDispatcher with 24 workers.
 -> (artifact id: 'f7ac589935ba5e906c7395f0fd634503') in 0.028783 seconds
Number of updated asset objects reloaded before import = 0
Number of asset objects unloaded after import = 1
========================================================================
Received Import Request.
  Time since last request: 0.000039 seconds.
  path: Assets/SunboxGames/Avatars/Materials/Beanie/Beanie_White.mat
  artifactKey: Guid(5bd697760a9b8a74299e0d7ae2afa901) Importer(2089858483,0ecaa5967403d082aa24f35e1b516d23)
Start importing Assets/SunboxGames/Avatars/Materials/Beanie/Beanie_White.mat using Guid(5bd697760a9b8a74299e0d7ae2afa901) Importer(2089858483,0ecaa5967403d082aa24f35e1b516d23) [PhysX] Initialized MultithreadedTaskDispatcher with 24 workers.
 -> (artifact id: '948d77d4a72497d4b6b43ee7ff58470b') in 0.046357 seconds
Number of updated asset objects reloaded before import = 0
Number of asset objects unloaded after import = 4
========================================================================
Received Import Request.
  Time since last request: 0.000040 seconds.
  path: Assets/Low Poly Furniture/Prefabs/Book/Purple Book.prefab
  artifactKey: Guid(2bd5455a29123e64287c30781ba4c46b) Importer(2089858483,0ecaa5967403d082aa24f35e1b516d23)
Start importing Assets/Low Poly Furniture/Prefabs/Book/Purple Book.prefab using Guid(2bd5455a29123e64287c30781ba4c46b) Importer(2089858483,0ecaa5967403d082aa24f35e1b516d23) [PhysX] Initialized MultithreadedTaskDispatcher with 24 workers.
 -> (artifact id: 'a1ad1b07837a7f6d3997b31af8889a13') in 0.036255 seconds
Number of updated asset objects reloaded before import = 0
Number of asset objects unloaded after import = 8
========================================================================
Received Import Request.
  Time since last request: 0.000027 seconds.
  path: Assets/SunboxGames/Avatars/Materials/Baseball_Cap/Baseball_Cap_White.mat
  artifactKey: Guid(81292f878d4c1aa46b3b60f9395dcd3b) Importer(2089858483,0ecaa5967403d082aa24f35e1b516d23)
Start importing Assets/SunboxGames/Avatars/Materials/Baseball_Cap/Baseball_Cap_White.mat using Guid(81292f878d4c1aa46b3b60f9395dcd3b) Importer(2089858483,0ecaa5967403d082aa24f35e1b516d23) [PhysX] Initialized MultithreadedTaskDispatcher with 24 workers.
 -> (artifact id: 'a667391c6ef68415a3b24f5880f70f8c') in 0.047863 seconds
Number of updated asset objects reloaded before import = 0
Number of asset objects unloaded after import = 4
========================================================================
Received Import Request.
  Time since last request: 0.000061 seconds.
  path: Assets/SunboxGames/Avatars/Models/Bottoms
  artifactKey: Guid(1ccf075d32cfa6242aa3e93205158c05) Importer(2089858483,0ecaa5967403d082aa24f35e1b516d23)
Start importing Assets/SunboxGames/Avatars/Models/Bottoms using Guid(1ccf075d32cfa6242aa3e93205158c05) Importer(2089858483,0ecaa5967403d082aa24f35e1b516d23) [PhysX] Initialized MultithreadedTaskDispatcher with 24 workers.
 -> (artifact id: 'e3dead630aa870cb905584be251ddc04') in 0.025163 seconds
Number of updated asset objects reloaded before import = 0
Number of asset objects unloaded after import = 1
========================================================================
Received Import Request.
  Time since last request: 0.000043 seconds.
  path: Assets/SunboxGames/Avatars/Textures/Shirt/Shirt_Normal.png
  artifactKey: Guid(42dd1aba436406a478cce2e66a5a0d9f) Importer(2089858483,0ecaa5967403d082aa24f35e1b516d23)
Start importing Assets/SunboxGames/Avatars/Textures/Shirt/Shirt_Normal.png using Guid(42dd1aba436406a478cce2e66a5a0d9f) Importer(2089858483,0ecaa5967403d082aa24f35e1b516d23) [PhysX] Initialized MultithreadedTaskDispatcher with 24 workers.
 -> (artifact id: '250f51b7d9749d61e53e37ede92fc925') in 0.072593 seconds
Number of updated asset objects reloaded before import = 0
Number of asset objects unloaded after import = 1
========================================================================
Received Import Request.
  Time since last request: 0.000039 seconds.
  path: Assets/Low Poly Furniture/Prefabs/Keyboard/Gaming Keyboard.prefab
  artifactKey: Guid(bb732cdb57d31d540bfe20144ec7aefa) Importer(2089858483,0ecaa5967403d082aa24f35e1b516d23)
Start importing Assets/Low Poly Furniture/Prefabs/Keyboard/Gaming Keyboard.prefab using Guid(bb732cdb57d31d540bfe20144ec7aefa) Importer(2089858483,0ecaa5967403d082aa24f35e1b516d23) [PhysX] Initialized MultithreadedTaskDispatcher with 24 workers.
 -> (artifact id: 'ca9b430e4f072a9a2a7d9ef83068181a') in 0.056151 seconds
Number of updated asset objects reloaded before import = 0
Number of asset objects unloaded after import = 8
========================================================================
Received Import Request.
  Time since last request: 0.000032 seconds.
  path: Assets/SunboxGames/Avatars/Models/FacialHair/FacialHair_01.fbx
  artifactKey: Guid(c5fb26695dc28f941946aefbec6124ce) Importer(2089858483,0ecaa5967403d082aa24f35e1b516d23)
Start importing Assets/SunboxGames/Avatars/Models/FacialHair/FacialHair_01.fbx using Guid(c5fb26695dc28f941946aefbec6124ce) Importer(2089858483,0ecaa5967403d082aa24f35e1b516d23) [PhysX] Initialized MultithreadedTaskDispatcher with 24 workers.
 -> (artifact id: 'af1c574b4f2999f6258af67a56a412d0') in 0.052350 seconds
Number of updated asset objects reloaded before import = 0
Number of asset objects unloaded after import = 126
========================================================================
Received Import Request.
  Time since last request: 0.000033 seconds.
  path: Assets/SunboxGames/Avatars/Textures/Shirt/Shirt_Plaid_Normal.png
  artifactKey: Guid(b0053d3b3a3cfa74789bc6a38c878af8) Importer(2089858483,0ecaa5967403d082aa24f35e1b516d23)
Start importing Assets/SunboxGames/Avatars/Textures/Shirt/Shirt_Plaid_Normal.png using Guid(b0053d3b3a3cfa74789bc6a38c878af8) Importer(2089858483,0ecaa5967403d082aa24f35e1b516d23) [PhysX] Initialized MultithreadedTaskDispatcher with 24 workers.
 -> (artifact id: '401d3f873f786581fcc10695901b7ac9') in 0.039667 seconds
Number of updated asset objects reloaded before import = 0
Number of asset objects unloaded after import = 1
========================================================================
Received Import Request.
  Time since last request: 0.000030 seconds.
  path: Assets/SunboxGames/Avatars/Documentation
  artifactKey: Guid(21ff5438805281448a923222d77f4871) Importer(2089858483,0ecaa5967403d082aa24f35e1b516d23)
Start importing Assets/SunboxGames/Avatars/Documentation using Guid(21ff5438805281448a923222d77f4871) Importer(2089858483,0ecaa5967403d082aa24f35e1b516d23) [PhysX] Initialized MultithreadedTaskDispatcher with 24 workers.
 -> (artifact id: '96648f9d6590a1689dea9f9c7d12f535') in 0.020939 seconds
Number of updated asset objects reloaded before import = 0
Number of asset objects unloaded after import = 1
========================================================================
Received Import Request.
  Time since last request: 0.000059 seconds.
  path: Assets/SunboxGames/Avatars/Textures/Eyelashes/Eyelashes_04.png
  artifactKey: Guid(f566abd3c50b2764b93dc5f6c2304fb8) Importer(2089858483,0ecaa5967403d082aa24f35e1b516d23)
Start importing Assets/SunboxGames/Avatars/Textures/Eyelashes/Eyelashes_04.png using Guid(f566abd3c50b2764b93dc5f6c2304fb8) Importer(2089858483,0ecaa5967403d082aa24f35e1b516d23) [PhysX] Initialized MultithreadedTaskDispatcher with 24 workers.
 -> (artifact id: 'e086f78fac999598822e791ade80f720') in 0.024365 seconds
Number of updated asset objects reloaded before import = 0
Number of asset objects unloaded after import = 1
========================================================================
Received Import Request.
  Time since last request: 0.000038 seconds.
  path: Assets/SunboxGames/Avatars
  artifactKey: Guid(c937a647a56ab2946a5df2e1b34b9f54) Importer(2089858483,0ecaa5967403d082aa24f35e1b516d23)
Start importing Assets/SunboxGames/Avatars using Guid(c937a647a56ab2946a5df2e1b34b9f54) Importer(2089858483,0ecaa5967403d082aa24f35e1b516d23) [PhysX] Initialized MultithreadedTaskDispatcher with 24 workers.
 -> (artifact id: 'c5e75036a9f40c90a6e01b0bfe59942f') in 0.015968 seconds
Number of updated asset objects reloaded before import = 0
Number of asset objects unloaded after import = 1
========================================================================
Received Import Request.
  Time since last request: 0.000058 seconds.
  path: Assets/SunboxGames/Avatars/Models/Tops
  artifactKey: Guid(a87f0eba717d64b40b42b65ae9dac02d) Importer(2089858483,0ecaa5967403d082aa24f35e1b516d23)
Start importing Assets/SunboxGames/Avatars/Models/Tops using Guid(a87f0eba717d64b40b42b65ae9dac02d) Importer(2089858483,0ecaa5967403d082aa24f35e1b516d23) [PhysX] Initialized MultithreadedTaskDispatcher with 24 workers.
 -> (artifact id: '404b4cd2480d2d78c94dbff6e37d0cb2') in 0.013102 seconds
Number of updated asset objects reloaded before import = 0
Number of asset objects unloaded after import = 1
========================================================================
Received Import Request.
  Time since last request: 0.000056 seconds.
  path: Assets/SunboxGames/Avatars/Textures/Tracksuit_Pants/Track_Suit_Pants_SpecularSmoothness.png
  artifactKey: Guid(b69ca2d18b771af44813fa77a926346f) Importer(2089858483,0ecaa5967403d082aa24f35e1b516d23)
Start importing Assets/SunboxGames/Avatars/Textures/Tracksuit_Pants/Track_Suit_Pants_SpecularSmoothness.png using Guid(b69ca2d18b771af44813fa77a926346f) Importer(2089858483,0ecaa5967403d082aa24f35e1b516d23) [PhysX] Initialized MultithreadedTaskDispatcher with 24 workers.
 -> (artifact id: 'dce28dccf3c0f741a125aac82a5c8570') in 0.035527 seconds
Number of updated asset objects reloaded before import = 0
Number of asset objects unloaded after import = 1
========================================================================
Received Import Request.
  Time since last request: 0.000054 seconds.
  path: Assets/SunboxGames/Avatars/Resources/Presets/avatar_preset_fitness_girl.txt
  artifactKey: Guid(8047b017be66aaa45a8dfcdf764c391d) Importer(2089858483,0ecaa5967403d082aa24f35e1b516d23)
Start importing Assets/SunboxGames/Avatars/Resources/Presets/avatar_preset_fitness_girl.txt using Guid(8047b017be66aaa45a8dfcdf764c391d) Importer(2089858483,0ecaa5967403d082aa24f35e1b516d23) [PhysX] Initialized MultithreadedTaskDispatcher with 24 workers.
 -> (artifact id: '46973befc1d4dca35fea27eba82cd1ce') in 0.031580 seconds
Number of updated asset objects reloaded before import = 0
Number of asset objects unloaded after import = 1
========================================================================
Received Import Request.
  Time since last request: 0.000040 seconds.
  path: Assets/SunboxGames/Avatars/Resources/rotate.png
  artifactKey: Guid(98cce7cfea2f8fa44bb5793bafdb82c3) Importer(2089858483,0ecaa5967403d082aa24f35e1b516d23)
Start importing Assets/SunboxGames/Avatars/Resources/rotate.png using Guid(98cce7cfea2f8fa44bb5793bafdb82c3) Importer(2089858483,0ecaa5967403d082aa24f35e1b516d23) [PhysX] Initialized MultithreadedTaskDispatcher with 24 workers.
 -> (artifact id: '08f9a23c623d80b4f55cf3010419e095') in 0.044186 seconds
Number of updated asset objects reloaded before import = 0
Number of asset objects unloaded after import = 3
========================================================================
Received Import Request.
  Time since last request: 0.000058 seconds.
  path: Assets/SunboxGames/Avatars/Materials/Shirt
  artifactKey: Guid(bd96fdb7af89f6949b9873cdb308a322) Importer(2089858483,0ecaa5967403d082aa24f35e1b516d23)
Start importing Assets/SunboxGames/Avatars/Materials/Shirt using Guid(bd96fdb7af89f6949b9873cdb308a322) Importer(2089858483,0ecaa5967403d082aa24f35e1b516d23) [PhysX] Initialized MultithreadedTaskDispatcher with 24 workers.
 -> (artifact id: '0a9bcaf75e71d2e3bed5690d35202fe5') in 0.021742 seconds
Number of updated asset objects reloaded before import = 0
Number of asset objects unloaded after import = 1
========================================================================
Received Import Request.
  Time since last request: 0.000177 seconds.
  path: Assets/SunboxGames/Avatars/Materials/Baseball_Cap
  artifactKey: Guid(e5ccd01edc75d564ca7f0689cbab862b) Importer(2089858483,0ecaa5967403d082aa24f35e1b516d23)
Start importing Assets/SunboxGames/Avatars/Materials/Baseball_Cap using Guid(e5ccd01edc75d564ca7f0689cbab862b) Importer(2089858483,0ecaa5967403d082aa24f35e1b516d23) [PhysX] Initialized MultithreadedTaskDispatcher with 24 workers.
 -> (artifact id: '01157d04a13bc101f44aab5ba73ba328') in 0.027357 seconds
Number of updated asset objects reloaded before import = 0
Number of asset objects unloaded after import = 1
========================================================================
Received Import Request.
  Time since last request: 0.000057 seconds.
  path: Assets/Low Poly Furniture/Models/Standart Chair.fbx
  artifactKey: Guid(ac9176d8a9cecdc44a0e387e329ee31c) Importer(2089858483,0ecaa5967403d082aa24f35e1b516d23)
Start importing Assets/Low Poly Furniture/Models/Standart Chair.fbx using Guid(ac9176d8a9cecdc44a0e387e329ee31c) Importer(2089858483,0ecaa5967403d082aa24f35e1b516d23) [PhysX] Initialized MultithreadedTaskDispatcher with 24 workers.
 -> (artifact id: '65876e2f5807aa5d466f27f5cac9c4b8') in 0.045599 seconds
Number of updated asset objects reloaded before import = 0
Number of asset objects unloaded after import = 9
========================================================================
Received Import Request.
  Time since last request: 0.000063 seconds.
  path: Assets/Low Poly Furniture/Models/Gaming Keyboard.fbx
  artifactKey: Guid(a06b162f44b643c4d9c840b2c07435f1) Importer(2089858483,0ecaa5967403d082aa24f35e1b516d23)
Start importing Assets/Low Poly Furniture/Models/Gaming Keyboard.fbx using Guid(a06b162f44b643c4d9c840b2c07435f1) Importer(2089858483,0ecaa5967403d082aa24f35e1b516d23) [PhysX] Initialized MultithreadedTaskDispatcher with 24 workers.
 -> (artifact id: '79081c7d3eba617bedb41891e4981df8') in 0.041519 seconds
Number of updated asset objects reloaded before import = 0
Number of asset objects unloaded after import = 9
========================================================================
Received Import Request.
  Time since last request: 0.000099 seconds.
  path: Assets/SunboxGames/Avatars/Resources
  artifactKey: Guid(ca2847dfa0e4ea749a61d08d877d4728) Importer(2089858483,0ecaa5967403d082aa24f35e1b516d23)
Start importing Assets/SunboxGames/Avatars/Resources using Guid(ca2847dfa0e4ea749a61d08d877d4728) Importer(2089858483,0ecaa5967403d082aa24f35e1b516d23) [PhysX] Initialized MultithreadedTaskDispatcher with 24 workers.
 -> (artifact id: 'c3f9c50ec93262dbf84414410434e0aa') in 0.031111 seconds
Number of updated asset objects reloaded before import = 0
Number of asset objects unloaded after import = 1
========================================================================
Received Import Request.
  Time since last request: 0.000027 seconds.
  path: Assets/SunboxGames/Avatars/Textures/Skirt
  artifactKey: Guid(8105eed49b7983f47aebcbb43afdc0ff) Importer(2089858483,0ecaa5967403d082aa24f35e1b516d23)
Start importing Assets/SunboxGames/Avatars/Textures/Skirt using Guid(8105eed49b7983f47aebcbb43afdc0ff) Importer(2089858483,0ecaa5967403d082aa24f35e1b516d23) [PhysX] Initialized MultithreadedTaskDispatcher with 24 workers.
 -> (artifact id: 'bba62564821f81c3232e10a41a92c8e6') in 0.021999 seconds
Number of updated asset objects reloaded before import = 0
Number of asset objects unloaded after import = 1
========================================================================
Received Import Request.
  Time since last request: 0.000028 seconds.
  path: Assets/SunboxGames/Avatars/Models/Bottoms/Tracksuit_Pants_Male.fbx
  artifactKey: Guid(ca0a29ca4c0a7704d97304fef291f7ad) Importer(2089858483,0ecaa5967403d082aa24f35e1b516d23)
Start importing Assets/SunboxGames/Avatars/Models/Bottoms/Tracksuit_Pants_Male.fbx using Guid(ca0a29ca4c0a7704d97304fef291f7ad) Importer(2089858483,0ecaa5967403d082aa24f35e1b516d23) [PhysX] Initialized MultithreadedTaskDispatcher with 24 workers.
 -> (artifact id: 'c9bae1976004720032675c87c59c4031') in 0.030019 seconds
Number of updated asset objects reloaded before import = 0
Number of asset objects unloaded after import = 125
========================================================================
Received Import Request.
  Time since last request: 0.000021 seconds.
  path: Assets/SunboxGames/Avatars/Materials/Skirt/Skirt_Plaid_Red.mat
  artifactKey: Guid(45e418defb8855341979ad4ee0af83b7) Importer(2089858483,0ecaa5967403d082aa24f35e1b516d23)
Start importing Assets/SunboxGames/Avatars/Materials/Skirt/Skirt_Plaid_Red.mat using Guid(45e418defb8855341979ad4ee0af83b7) Importer(2089858483,0ecaa5967403d082aa24f35e1b516d23) [PhysX] Initialized MultithreadedTaskDispatcher with 24 workers.
 -> (artifact id: 'fd10b5872168786d06e6e7cfc3cc78be') in 0.031655 seconds
Number of updated asset objects reloaded before import = 0
Number of asset objects unloaded after import = 4
========================================================================
Received Import Request.
  Time since last request: 0.000036 seconds.
  path: Assets/SunboxGames/Avatars/Textures/Basketball_Shoes
  artifactKey: Guid(d72419012d1443846ae1874cb32a3b50) Importer(2089858483,0ecaa5967403d082aa24f35e1b516d23)
Start importing Assets/SunboxGames/Avatars/Textures/Basketball_Shoes using Guid(d72419012d1443846ae1874cb32a3b50) Importer(2089858483,0ecaa5967403d082aa24f35e1b516d23) [PhysX] Initialized MultithreadedTaskDispatcher with 24 workers.
 -> (artifact id: '236a5b1bcafdbbd18aff75534202cb07') in 0.016543 seconds
Number of updated asset objects reloaded before import = 0
Number of asset objects unloaded after import = 1
========================================================================
Received Import Request.
  Time since last request: 0.000044 seconds.
  path: Assets/SunboxGames/Avatars/Materials/Lashes
  artifactKey: Guid(7af7d56fcf974d0419bf4de691729834) Importer(2089858483,0ecaa5967403d082aa24f35e1b516d23)
Start importing Assets/SunboxGames/Avatars/Materials/Lashes using Guid(7af7d56fcf974d0419bf4de691729834) Importer(2089858483,0ecaa5967403d082aa24f35e1b516d23) [PhysX] Initialized MultithreadedTaskDispatcher with 24 workers.
 -> (artifact id: '22c72e6c235d1f48247a624b602d1e69') in 0.020728 seconds
Number of updated asset objects reloaded before import = 0
Number of asset objects unloaded after import = 1
========================================================================
Received Import Request.
  Time since last request: 0.000038 seconds.
  path: Assets/TextMesh Pro/Resources/Style Sheets
  artifactKey: Guid(4aecb92fff08436c8303b10eab8da368) Importer(2089858483,0ecaa5967403d082aa24f35e1b516d23)
Start importing Assets/TextMesh Pro/Resources/Style Sheets using Guid(4aecb92fff08436c8303b10eab8da368) Importer(2089858483,0ecaa5967403d082aa24f35e1b516d23) [PhysX] Initialized MultithreadedTaskDispatcher with 24 workers.
 -> (artifact id: 'c18c5ea9d45e73d4280434ab7259bf02') in 0.021246 seconds
Number of updated asset objects reloaded before import = 0
Number of asset objects unloaded after import = 1
========================================================================
Received Import Request.
  Time since last request: 0.000032 seconds.
  path: Assets/SunboxGames/Avatars/Resources/FacialHair
  artifactKey: Guid(69a74173b7009ed49a3b6ccccb106660) Importer(2089858483,0ecaa5967403d082aa24f35e1b516d23)
Start importing Assets/SunboxGames/Avatars/Resources/FacialHair using Guid(69a74173b7009ed49a3b6ccccb106660) Importer(2089858483,0ecaa5967403d082aa24f35e1b516d23) [PhysX] Initialized MultithreadedTaskDispatcher with 24 workers.
 -> (artifact id: 'f7662f6a741b01390b604ccd7bd5c53e') in 0.015320 seconds
Number of updated asset objects reloaded before import = 0
Number of asset objects unloaded after import = 1
========================================================================
Received Import Request.
  Time since last request: 0.000107 seconds.
  path: Assets/SunboxGames/Avatars/Textures/Beanie/Beanie_White.png
  artifactKey: Guid(b4cc5ac19f6bd0b4f9da193a4472602d) Importer(2089858483,0ecaa5967403d082aa24f35e1b516d23)
Start importing Assets/SunboxGames/Avatars/Textures/Beanie/Beanie_White.png using Guid(b4cc5ac19f6bd0b4f9da193a4472602d) Importer(2089858483,0ecaa5967403d082aa24f35e1b516d23) [PhysX] Initialized MultithreadedTaskDispatcher with 24 workers.
 -> (artifact id: '63bca4fd6c3c83007103d71bbbb961e3') in 0.023566 seconds
Number of updated asset objects reloaded before import = 0
Number of asset objects unloaded after import = 1
========================================================================
Received Import Request.
  Time since last request: 0.000029 seconds.
  path: Assets/SunboxGames/Avatars/Textures/Dress/Dress_SpecularSmoothness.png
  artifactKey: Guid(d0248373fa334f540a5239091de43a98) Importer(2089858483,0ecaa5967403d082aa24f35e1b516d23)
Start importing Assets/SunboxGames/Avatars/Textures/Dress/Dress_SpecularSmoothness.png using Guid(d0248373fa334f540a5239091de43a98) Importer(2089858483,0ecaa5967403d082aa24f35e1b516d23) [PhysX] Initialized MultithreadedTaskDispatcher with 24 workers.
 -> (artifact id: 'cebba04b14d8ed8158b4feb6f2ff2a47') in 0.032930 seconds
Number of updated asset objects reloaded before import = 0
Number of asset objects unloaded after import = 1
========================================================================
Received Import Request.
  Time since last request: 0.000040 seconds.
  path: Assets/SunboxGames/Avatars/Resources/ClothingItems/Glasses/Clear/ClothingItem_Glasses_03_Clear.asset
  artifactKey: Guid(8c5c8a5c08d367841b80dd34e4145633) Importer(2089858483,0ecaa5967403d082aa24f35e1b516d23)
Start importing Assets/SunboxGames/Avatars/Resources/ClothingItems/Glasses/Clear/ClothingItem_Glasses_03_Clear.asset using Guid(8c5c8a5c08d367841b80dd34e4145633) Importer(2089858483,0ecaa5967403d082aa24f35e1b516d23) [PhysX] Initialized MultithreadedTaskDispatcher with 24 workers.
 -> (artifact id: '76a70eda68a743044c9ce98f23cd25d2') in 0.038370 seconds
Number of updated asset objects reloaded before import = 0
Number of asset objects unloaded after import = 6
========================================================================
Received Import Request.
  Time since last request: 0.000053 seconds.
  path: Assets/SunboxGames/Avatars/Resources/ClothingItems/Shoes/ClothingItem_Flats.asset
  artifactKey: Guid(bd0a4384161c5654cbda693888a17df3) Importer(2089858483,0ecaa5967403d082aa24f35e1b516d23)
Start importing Assets/SunboxGames/Avatars/Resources/ClothingItems/Shoes/ClothingItem_Flats.asset using Guid(bd0a4384161c5654cbda693888a17df3) Importer(2089858483,0ecaa5967403d082aa24f35e1b516d23) [PhysX] Initialized MultithreadedTaskDispatcher with 24 workers.
 -> (artifact id: '54d03a41a2a7d38e5dd33ee3bbb92834') in 0.030035 seconds
Number of updated asset objects reloaded before import = 0
Number of asset objects unloaded after import = 5
========================================================================
Received Import Request.
  Time since last request: 0.000065 seconds.
  path: Assets/SunboxGames/Avatars/Resources/ClothingItems/Glasses/Tinted/ClothingItem_Glasses_04_Tinted.asset
  artifactKey: Guid(f4a115db2003c9f44a6175245cbe3793) Importer(2089858483,0ecaa5967403d082aa24f35e1b516d23)
Start importing Assets/SunboxGames/Avatars/Resources/ClothingItems/Glasses/Tinted/ClothingItem_Glasses_04_Tinted.asset using Guid(f4a115db2003c9f44a6175245cbe3793) Importer(2089858483,0ecaa5967403d082aa24f35e1b516d23) [PhysX] Initialized MultithreadedTaskDispatcher with 24 workers.
 -> (artifact id: 'd466e7e470de0ea420fd569d81efd277') in 0.020164 seconds
Number of updated asset objects reloaded before import = 0
Number of asset objects unloaded after import = 6
========================================================================
Received Import Request.
  Time since last request: 0.000029 seconds.
  path: Assets/SunboxGames/Avatars/Materials/Cargo_Shorts
  artifactKey: Guid(1275602a201896542a304d27967145d1) Importer(2089858483,0ecaa5967403d082aa24f35e1b516d23)
Start importing Assets/SunboxGames/Avatars/Materials/Cargo_Shorts using Guid(1275602a201896542a304d27967145d1) Importer(2089858483,0ecaa5967403d082aa24f35e1b516d23) [PhysX] Initialized MultithreadedTaskDispatcher with 24 workers.
 -> (artifact id: '6c4f06a241b74b311dee2412b00a85ec') in 0.018412 seconds
Number of updated asset objects reloaded before import = 0
Number of asset objects unloaded after import = 1
========================================================================
Received Import Request.
  Time since last request: 0.000037 seconds.
  path: Assets/TextMesh Pro/Resources/Sprite Assets/EmojiOne.asset
  artifactKey: Guid(c41005c129ba4d66911b75229fd70b45) Importer(2089858483,0ecaa5967403d082aa24f35e1b516d23)
Start importing Assets/TextMesh Pro/Resources/Sprite Assets/EmojiOne.asset using Guid(c41005c129ba4d66911b75229fd70b45) Importer(2089858483,0ecaa5967403d082aa24f35e1b516d23) [PhysX] Initialized MultithreadedTaskDispatcher with 24 workers.
 -> (artifact id: 'd07c85c9d751b93cb389c5d74aaa5874') in 0.026280 seconds
Number of updated asset objects reloaded before import = 0
Number of asset objects unloaded after import = 3
========================================================================
Received Import Request.
  Time since last request: 0.000037 seconds.
  path: Assets/SunboxGames/Avatars/Resources/Presets/avatar_preset_ginger_boy.txt
  artifactKey: Guid(5e5061ee63d37d7428786416c06a60ec) Importer(2089858483,0ecaa5967403d082aa24f35e1b516d23)
Start importing Assets/SunboxGames/Avatars/Resources/Presets/avatar_preset_ginger_boy.txt using Guid(5e5061ee63d37d7428786416c06a60ec) Importer(2089858483,0ecaa5967403d082aa24f35e1b516d23) [PhysX] Initialized MultithreadedTaskDispatcher with 24 workers.
 -> (artifact id: '2b29cd87c93cada171148ef913561411') in 0.022531 seconds
Number of updated asset objects reloaded before import = 0
Number of asset objects unloaded after import = 1
========================================================================
Received Import Request.
  Time since last request: 0.000069 seconds.
  path: Assets/SunboxGames/Avatars/Resources/ClothingItems/Glasses
  artifactKey: Guid(8c03984f76293d14abb7dd230111a7eb) Importer(2089858483,0ecaa5967403d082aa24f35e1b516d23)
Start importing Assets/SunboxGames/Avatars/Resources/ClothingItems/Glasses using Guid(8c03984f76293d14abb7dd230111a7eb) Importer(2089858483,0ecaa5967403d082aa24f35e1b516d23) [PhysX] Initialized MultithreadedTaskDispatcher with 24 workers.
 -> (artifact id: '3c84824237f28e12065eb03c0daeaca3') in 0.020216 seconds
Number of updated asset objects reloaded before import = 0
Number of asset objects unloaded after import = 1
========================================================================
Received Import Request.
  Time since last request: 0.000030 seconds.
  path: Assets/TextMesh Pro/Shaders
  artifactKey: Guid(e9f693669af91aa45ad615fc681ed29f) Importer(2089858483,0ecaa5967403d082aa24f35e1b516d23)
Start importing Assets/TextMesh Pro/Shaders using Guid(e9f693669af91aa45ad615fc681ed29f) Importer(2089858483,0ecaa5967403d082aa24f35e1b516d23) [PhysX] Initialized MultithreadedTaskDispatcher with 24 workers.
 -> (artifact id: '39695bb79415f07d1baf5bdb8dbbfbe1') in 0.014917 seconds
Number of updated asset objects reloaded before import = 0
Number of asset objects unloaded after import = 1
========================================================================
Received Import Request.
  Time since last request: 0.000034 seconds.
  path: Assets/SunboxGames/Avatars/Models/Bottoms/Shorts_01_Male.fbx
  artifactKey: Guid(e66f9b589b868ac4bac03132a3b60a69) Importer(2089858483,0ecaa5967403d082aa24f35e1b516d23)
Start importing Assets/SunboxGames/Avatars/Models/Bottoms/Shorts_01_Male.fbx using Guid(e66f9b589b868ac4bac03132a3b60a69) Importer(2089858483,0ecaa5967403d082aa24f35e1b516d23) [PhysX] Initialized MultithreadedTaskDispatcher with 24 workers.
 -> (artifact id: '7b16403b9287ca70efb48e9b2b0818d3') in 0.026970 seconds
Number of updated asset objects reloaded before import = 0
Number of asset objects unloaded after import = 125
========================================================================
Received Import Request.
  Time since last request: 0.000026 seconds.
  path: Assets/SidePanelController.cs
  artifactKey: Guid(676fb1c42b42c0549bbfd78987fcd361) Importer(2089858483,0ecaa5967403d082aa24f35e1b516d23)
Start importing Assets/SidePanelController.cs using Guid(676fb1c42b42c0549bbfd78987fcd361) Importer(2089858483,0ecaa5967403d082aa24f35e1b516d23) [PhysX] Initialized MultithreadedTaskDispatcher with 24 workers.
 -> (artifact id: 'b825e2f296a090c1acf2a2a81853cf5a') in 0.016501 seconds
Number of updated asset objects reloaded before import = 0
Number of asset objects unloaded after import = 1
========================================================================
Received Import Request.
  Time since last request: 0.000022 seconds.
  path: Assets/SunboxGames/Avatars/Textures/Shirt/Shirt_White.png
  artifactKey: Guid(e69dd734f89328046b1dfe7d7ebd4686) Importer(2089858483,0ecaa5967403d082aa24f35e1b516d23)
Start importing Assets/SunboxGames/Avatars/Textures/Shirt/Shirt_White.png using Guid(e69dd734f89328046b1dfe7d7ebd4686) Importer(2089858483,0ecaa5967403d082aa24f35e1b516d23) [PhysX] Initialized MultithreadedTaskDispatcher with 24 workers.
 -> (artifact id: 'a9318e0d24c3b30de01cc68e9ad9ee6d') in 0.020223 seconds
Number of updated asset objects reloaded before import = 0
Number of asset objects unloaded after import = 1
========================================================================
Received Import Request.
  Time since last request: 0.000049 seconds.
  path: Assets/Low Poly Furniture/Models/Wall Bookshelf Large.fbx
  artifactKey: Guid(64dccf619abaee04ab1842c4ec5e5f70) Importer(2089858483,0ecaa5967403d082aa24f35e1b516d23)
Start importing Assets/Low Poly Furniture/Models/Wall Bookshelf Large.fbx using Guid(64dccf619abaee04ab1842c4ec5e5f70) Importer(2089858483,0ecaa5967403d082aa24f35e1b516d23) [PhysX] Initialized MultithreadedTaskDispatcher with 24 workers.
 -> (artifact id: '82bef392d69fb1df31fdc56d652c73e9') in 0.027607 seconds
Number of updated asset objects reloaded before import = 0
Number of asset objects unloaded after import = 9
========================================================================
Received Import Request.
  Time since last request: 0.000040 seconds.
  path: Assets/SunboxGames/Avatars/Materials/Basketball_Shoes/Basketball_Shoes_White.mat
  artifactKey: Guid(a3a1c5532a6aa034fabe0e5eae4e6f5d) Importer(2089858483,0ecaa5967403d082aa24f35e1b516d23)
Start importing Assets/SunboxGames/Avatars/Materials/Basketball_Shoes/Basketball_Shoes_White.mat using Guid(a3a1c5532a6aa034fabe0e5eae4e6f5d) Importer(2089858483,0ecaa5967403d082aa24f35e1b516d23) [PhysX] Initialized MultithreadedTaskDispatcher with 24 workers.
 -> (artifact id: 'ee49de8a2fcb47dce7d8437868936813') in 0.037392 seconds
Number of updated asset objects reloaded before import = 0
Number of asset objects unloaded after import = 4
========================================================================
Received Import Request.
  Time since last request: 0.000025 seconds.
  path: Assets/Low Poly Furniture/Models/Lamp.fbx
  artifactKey: Guid(ec528ebcec49801448f0e686818cdeff) Importer(2089858483,0ecaa5967403d082aa24f35e1b516d23)
Start importing Assets/Low Poly Furniture/Models/Lamp.fbx using Guid(ec528ebcec49801448f0e686818cdeff) Importer(2089858483,0ecaa5967403d082aa24f35e1b516d23) [PhysX] Initialized MultithreadedTaskDispatcher with 24 workers.
 -> (artifact id: '4bf9ce5ae24f99fcf385b5789c46b49a') in 0.025376 seconds
Number of updated asset objects reloaded before import = 0
Number of asset objects unloaded after import = 9
========================================================================
Received Import Request.
  Time since last request: 0.000045 seconds.
  path: Assets/Low Poly Furniture/Demos/Materials
  artifactKey: Guid(9b99a3306eb3aba4a9b2e3278b1a5099) Importer(2089858483,0ecaa5967403d082aa24f35e1b516d23)
Start importing Assets/Low Poly Furniture/Demos/Materials using Guid(9b99a3306eb3aba4a9b2e3278b1a5099) Importer(2089858483,0ecaa5967403d082aa24f35e1b516d23) [PhysX] Initialized MultithreadedTaskDispatcher with 24 workers.
 -> (artifact id: 'e9bbb69d1bd61d56d68aa214e82fb370') in 0.014026 seconds
Number of updated asset objects reloaded before import = 0
Number of asset objects unloaded after import = 1
========================================================================
Received Import Request.
  Time since last request: 0.000044 seconds.
  path: Assets/Plugins/SQLiter/Scripts
  artifactKey: Guid(7b3da61f1d8b03f48ad4bd88c8e06331) Importer(2089858483,0ecaa5967403d082aa24f35e1b516d23)
Start importing Assets/Plugins/SQLiter/Scripts using Guid(7b3da61f1d8b03f48ad4bd88c8e06331) Importer(2089858483,0ecaa5967403d082aa24f35e1b516d23) [PhysX] Initialized MultithreadedTaskDispatcher with 24 workers.
 -> (artifact id: '34222ec0e30c5cc3a3ec03224e0525ee') in 0.013364 seconds
Number of updated asset objects reloaded before import = 0
Number of asset objects unloaded after import = 1
========================================================================
Received Import Request.
  Time since last request: 0.000058 seconds.
  path: Assets/Low Poly Furniture/Prefabs/Lamp
  artifactKey: Guid(be54aea9fc9b26d45b01c75691fb7f6f) Importer(2089858483,0ecaa5967403d082aa24f35e1b516d23)
Start importing Assets/Low Poly Furniture/Prefabs/Lamp using Guid(be54aea9fc9b26d45b01c75691fb7f6f) Importer(2089858483,0ecaa5967403d082aa24f35e1b516d23) [PhysX] Initialized MultithreadedTaskDispatcher with 24 workers.
 -> (artifact id: 'ccf99a4f7b8a1149102cf7da596bf888') in 0.014209 seconds
Number of updated asset objects reloaded before import = 0
Number of asset objects unloaded after import = 1
========================================================================
Received Import Request.
  Time since last request: 0.000035 seconds.
  path: Assets/Low Poly Furniture/Prefabs/Book
  artifactKey: Guid(23f84985f98714948a51dc0912cc6281) Importer(2089858483,0ecaa5967403d082aa24f35e1b516d23)
Start importing Assets/Low Poly Furniture/Prefabs/Book using Guid(23f84985f98714948a51dc0912cc6281) Importer(2089858483,0ecaa5967403d082aa24f35e1b516d23) [PhysX] Initialized MultithreadedTaskDispatcher with 24 workers.
 -> (artifact id: 'b1da10647f00227ce18575e9a32d0ca0') in 0.017965 seconds
Number of updated asset objects reloaded before import = 0
Number of asset objects unloaded after import = 1
========================================================================
Received Import Request.
  Time since last request: 0.000044 seconds.
  path: Assets/Plugins/SQLiter/Databases
  artifactKey: Guid(539769585a04e974fbe5c88df3ba87b6) Importer(2089858483,0ecaa5967403d082aa24f35e1b516d23)
Start importing Assets/Plugins/SQLiter/Databases using Guid(539769585a04e974fbe5c88df3ba87b6) Importer(2089858483,0ecaa5967403d082aa24f35e1b516d23) [PhysX] Initialized MultithreadedTaskDispatcher with 24 workers.
 -> (artifact id: '4827f61b40ad2362345bb3c577c5b106') in 0.014469 seconds
Number of updated asset objects reloaded before import = 0
Number of asset objects unloaded after import = 1
========================================================================
Received Import Request.
  Time since last request: 0.000029 seconds.
  path: Assets/TextMesh Pro/Resources/Sprite Assets
  artifactKey: Guid(512a49d95c0c4332bdd98131869c23c9) Importer(2089858483,0ecaa5967403d082aa24f35e1b516d23)
Start importing Assets/TextMesh Pro/Resources/Sprite Assets using Guid(512a49d95c0c4332bdd98131869c23c9) Importer(2089858483,0ecaa5967403d082aa24f35e1b516d23) [PhysX] Initialized MultithreadedTaskDispatcher with 24 workers.
 -> (artifact id: '06ec327179d243db61547c4f48c1f8a2') in 0.014127 seconds
Number of updated asset objects reloaded before import = 0
Number of asset objects unloaded after import = 1
Editor requested this worker to shutdown with reason: Scaling down because of idle timeout
TcpMessagingSession - receive error: operation aborted. errorcode: 995, details: スレッドの終了またはアプリケーションの要求によって、I/O 処理は中止されました。
AssetImportWorker is now disconnected from the server
Process exiting
Exiting without the bug reporter. Application will terminate with return code 0