Using pre-set license
Built from '2022.3/staging' branch; Version is '2022.3.56f1 (dd0c98481d00) revision 14486680'; Using compiler version '192829333'; Build Type 'Release'
OS: 'Windows 11  (10.0.26100) 64bit Core' Language: 'ja' Physical Memory: 16068 MB
BatchMode: 1, IsHumanControllingUs: 0, StartBugReporterOnCrash: 0, Is64bit: 1, IsPro: 1

COMMAND LINE ARGUMENTS:
C:\Program Files\Unity\Hub\Editor\2022.3.56f1\Editor\Unity.exe
-adb2
-batchMode
-noUpm
-name
AssetImportWorker2
-projectPath
C:/Users/yuho2/My project
-logFile
Logs/AssetImportWorker2.log
-srvPort
50788
Successfully changed project path to: C:/Users/yuho2/My project
C:/Users/yuho2/My project
[UnityMemory] Configuration Parameters - Can be set up in boot.config
    "memorysetup-bucket-allocator-granularity=16"
    "memorysetup-bucket-allocator-bucket-count=8"
    "memorysetup-bucket-allocator-block-size=33554432"
    "memorysetup-bucket-allocator-block-count=8"
    "memorysetup-main-allocator-block-size=16777216"
    "memorysetup-thread-allocator-block-size=16777216"
    "memorysetup-gfx-main-allocator-block-size=16777216"
    "memorysetup-gfx-thread-allocator-block-size=16777216"
    "memorysetup-cache-allocator-block-size=4194304"
    "memorysetup-typetree-allocator-block-size=2097152"
    "memorysetup-profiler-bucket-allocator-granularity=16"
    "memorysetup-profiler-bucket-allocator-bucket-count=8"
    "memorysetup-profiler-bucket-allocator-block-size=33554432"
    "memorysetup-profiler-bucket-allocator-block-count=8"
    "memorysetup-profiler-allocator-block-size=16777216"
    "memorysetup-profiler-editor-allocator-block-size=1048576"
    "memorysetup-temp-allocator-size-main=16777216"
    "memorysetup-job-temp-allocator-block-size=2097152"
    "memorysetup-job-temp-allocator-block-size-background=1048576"
    "memorysetup-job-temp-allocator-reduction-small-platforms=262144"
    "memorysetup-allocator-temp-initial-block-size-main=262144"
    "memorysetup-allocator-temp-initial-block-size-worker=262144"
    "memorysetup-temp-allocator-size-background-worker=32768"
    "memorysetup-temp-allocator-size-job-worker=262144"
    "memorysetup-temp-allocator-size-preload-manager=33554432"
    "memorysetup-temp-allocator-size-nav-mesh-worker=65536"
    "memorysetup-temp-allocator-size-audio-worker=65536"
    "memorysetup-temp-allocator-size-cloud-worker=32768"
    "memorysetup-temp-allocator-size-gi-baking-worker=262144"
    "memorysetup-temp-allocator-size-gfx=262144"
Player connection [5696]  Target information:

Player connection [5696]  * "[IP] 169.254.173.44 [Port] 0 [Flags] 2 [Guid] 4182683158 [EditorId] 4182683158 [Version] 1048832 [Id] WindowsEditor(7,DESKTOP-06HAV4D) [Debug] 1 [PackageName] WindowsEditor [ProjectName] Editor" 

Player connection [5696]  * "[IP] 172.29.128.1 [Port] 0 [Flags] 2 [Guid] 4182683158 [EditorId] 4182683158 [Version] 1048832 [Id] WindowsEditor(7,DESKTOP-06HAV4D) [Debug] 1 [PackageName] WindowsEditor [ProjectName] Editor" 

Player connection [5696]  * "[IP] 192.168.2.128 [Port] 0 [Flags] 2 [Guid] 4182683158 [EditorId] 4182683158 [Version] 1048832 [Id] WindowsEditor(7,DESKTOP-06HAV4D) [Debug] 1 [PackageName] WindowsEditor [ProjectName] Editor" 

Player connection [5696] Host joined multi-casting on [225.0.0.222:54997]...
Player connection [5696] Host joined alternative multi-casting on [225.0.0.222:34997]...
Input System module state changed to: Initialized.
[PhysX] Initialized MultithreadedTaskDispatcher with 24 workers.
Refreshing native plugins compatible for Editor in 6.76 ms, found 4 plugins.
Preloading 0 native plugins for Editor in 0.00 ms.
Initialize engine version: 2022.3.56f1 (dd0c98481d00)
[Subsystems] Discovering subsystems at path C:/Program Files/Unity/Hub/Editor/2022.3.56f1/Editor/Data/Resources/UnitySubsystems
[Subsystems] Discovering subsystems at path C:/Users/yuho2/My project/Assets
GfxDevice: creating device client; threaded=0; jobified=0
Direct3D:
    Version:  Direct3D 11.0 [level 11.1]
    Renderer: Intel(R) UHD Graphics 770 (ID=0xa780)
    Vendor:   Intel
    VRAM:     8034 MB
    Driver:   32.0.101.6078
Initialize mono
Mono path[0] = 'C:/Program Files/Unity/Hub/Editor/2022.3.56f1/Editor/Data/Managed'
Mono path[1] = 'C:/Program Files/Unity/Hub/Editor/2022.3.56f1/Editor/Data/MonoBleedingEdge/lib/mono/unityjit-win32'
Mono config path = 'C:/Program Files/Unity/Hub/Editor/2022.3.56f1/Editor/Data/MonoBleedingEdge/etc'
Using monoOptions --debugger-agent=transport=dt_socket,embedding=1,server=y,suspend=n,address=127.0.0.1:56748
Begin MonoManager ReloadAssembly
Registering precompiled unity dll's ...
Register platform support module: C:/Program Files/Unity/Hub/Editor/2022.3.56f1/Editor/Data/PlaybackEngines/iOSSupport/UnityEditor.iOS.Extensions.dll
Register platform support module: C:/Program Files/Unity/Hub/Editor/2022.3.56f1/Editor/Data/PlaybackEngines/WindowsStandaloneSupport/UnityEditor.WindowsStandalone.Extensions.dll
Registered in 0.005602 seconds.
- Loaded All Assemblies, in  0.427 seconds
Native extension for WindowsStandalone target not found
[usbmuxd] Start listen thread
[usbmuxd] Listen thread started
Native extension for iOS target not found
Mono: successfully reloaded assembly
- Finished resetting the current domain, in  0.339 seconds
Domain Reload Profiling: 765ms
	BeginReloadAssembly (142ms)
		ExecutionOrderSort (0ms)
		DisableScriptedObjects (0ms)
		BackupInstance (0ms)
		ReleaseScriptingObjects (0ms)
		CreateAndSetChildDomain (1ms)
	RebuildCommonClasses (26ms)
	RebuildNativeTypeToScriptingClass (8ms)
	initialDomainReloadingComplete (70ms)
	LoadAllAssembliesAndSetupDomain (180ms)
		LoadAssemblies (142ms)
		RebuildTransferFunctionScriptingTraits (0ms)
		AnalyzeDomain (178ms)
			TypeCache.Refresh (175ms)
				TypeCache.ScanAssembly (156ms)
			ScanForSourceGeneratedMonoScriptInfo (0ms)
			ResolveRequiredComponents (1ms)
	FinalizeReload (339ms)
		ReleaseScriptCaches (0ms)
		RebuildScriptCaches (0ms)
		SetupLoadedEditorAssemblies (282ms)
			LogAssemblyErrors (0ms)
			InitializePlatformSupportModulesInManaged (35ms)
			SetLoadedEditorAssemblies (6ms)
			RefreshPlugins (0ms)
			BeforeProcessingInitializeOnLoad (2ms)
			ProcessInitializeOnLoadAttributes (186ms)
			ProcessInitializeOnLoadMethodAttributes (53ms)
			AfterProcessingInitializeOnLoad (0ms)
			EditorAssembliesLoaded (0ms)
		ExecutionOrderSort2 (0ms)
		AwakeInstancesAfterBackupRestoration (0ms)
========================================================================
Worker process is ready to serve import requests
Caller must complete domain reload
Begin MonoManager ReloadAssembly
- Loaded All Assemblies, in  0.826 seconds
Native extension for WindowsStandalone target not found
Native extension for iOS target not found
Mono: successfully reloaded assembly
- Finished resetting the current domain, in  0.874 seconds
Domain Reload Profiling: 1698ms
	BeginReloadAssembly (198ms)
		ExecutionOrderSort (0ms)
		DisableScriptedObjects (5ms)
		BackupInstance (0ms)
		ReleaseScriptingObjects (0ms)
		CreateAndSetChildDomain (37ms)
	RebuildCommonClasses (38ms)
	RebuildNativeTypeToScriptingClass (7ms)
	initialDomainReloadingComplete (43ms)
	LoadAllAssembliesAndSetupDomain (538ms)
		LoadAssemblies (485ms)
		RebuildTransferFunctionScriptingTraits (0ms)
		AnalyzeDomain (168ms)
			TypeCache.Refresh (149ms)
				TypeCache.ScanAssembly (126ms)
			ScanForSourceGeneratedMonoScriptInfo (15ms)
			ResolveRequiredComponents (3ms)
	FinalizeReload (875ms)
		ReleaseScriptCaches (0ms)
		RebuildScriptCaches (0ms)
		SetupLoadedEditorAssemblies (714ms)
			LogAssemblyErrors (0ms)
			InitializePlatformSupportModulesInManaged (23ms)
			SetLoadedEditorAssemblies (7ms)
			RefreshPlugins (0ms)
			BeforeProcessingInitializeOnLoad (59ms)
			ProcessInitializeOnLoadAttributes (602ms)
			ProcessInitializeOnLoadMethodAttributes (19ms)
			AfterProcessingInitializeOnLoad (5ms)
			EditorAssembliesLoaded (0ms)
		ExecutionOrderSort2 (0ms)
		AwakeInstancesAfterBackupRestoration (7ms)
Launched and connected shader compiler UnityShaderCompiler.exe after 0.07 seconds
Refreshing native plugins compatible for Editor in 4.74 ms, found 4 plugins.
Preloading 0 native plugins for Editor in 0.00 ms.
Unloading 3144 Unused Serialized files (Serialized files now loaded: 0)
Unloading 20 unused Assets / (55.5 KB). Loaded Objects now: 3611.
Memory consumption went from 124.7 MB to 124.6 MB.
Total: 9.437700 ms (FindLiveObjects: 0.631500 ms CreateObjectMapping: 0.165700 ms MarkObjects: 8.058900 ms  DeleteObjects: 0.576000 ms)

AssetImportParameters requested are different than current active one (requested -> active):
  custom:container-demuxer-ogg: 62fdf1f143b41e24485cea50d1cbac27 -> 
  custom:video-decoder-ogg-theora: a1e56fd34408186e4bbccfd4996cb3dc -> 
  custom:framework-win-MediaFoundation: 216162199b28c13a410421893ffa2e32 -> 
  custom:CustomObjectIndexerAttribute: 9a22284fe3817be447336de3de66b15e -> 
  custom:container-demuxer-webm: 4f35f7cbe854078d1ac9338744f61a02 -> 
  custom:container-muxer-webm: aa71ff27fc2769a1b78a27578f13a17b -> 
  custom:video-decoder-webm-vp8: 9c59270c3fd7afecdb556c50c9e8de78 -> 
  custom:SearchIndexIgnoredProperties: e643bd26f0fe6173181afceb89e7c659 -> 
  custom:AudioImporter_EditorPlatform: d09bf68614088b80899f8185d706f6e7 -> 
  custom:video-encoder-webm-vp8: eb34c28f22e8b96e1ab97ce403110664 -> 
  custom:audio-decoder-ogg-vorbis: bf7c407c2cedff20999df2af8eb42d56 -> 
  custom:audio-encoder-webm-vorbis: bf7c407c2cedff20999df2af8eb42d56 -> 
========================================================================
Received Import Request.
  Time since last request: 3794.873794 seconds.
  path: Assets/Low Poly Furniture/Prefabs/Screen/Gaming Screen.prefab
  artifactKey: Guid(72cea4de7aef0894c84d3b014858e185) Importer(2089858483,0ecaa5967403d082aa24f35e1b516d23)
Start importing Assets/Low Poly Furniture/Prefabs/Screen/Gaming Screen.prefab using Guid(72cea4de7aef0894c84d3b014858e185) Importer(2089858483,0ecaa5967403d082aa24f35e1b516d23) [PhysX] Initialized MultithreadedTaskDispatcher with 24 workers.
 -> (artifact id: '947b015d34e10969883f98e8c9450007') in 0.143578 seconds
Number of updated asset objects reloaded before import = 0
Number of asset objects unloaded after import = 8
========================================================================
Received Import Request.
  Time since last request: 0.000072 seconds.
  path: Assets/SunboxGames/Avatars/Materials/Track_Suit_Pants/Track_Suit_Pants_White.mat
  artifactKey: Guid(0b493d6d4639a2c4f889f22cdaaced55) Importer(2089858483,0ecaa5967403d082aa24f35e1b516d23)
Start importing Assets/SunboxGames/Avatars/Materials/Track_Suit_Pants/Track_Suit_Pants_White.mat using Guid(0b493d6d4639a2c4f889f22cdaaced55) Importer(2089858483,0ecaa5967403d082aa24f35e1b516d23) [PhysX] Initialized MultithreadedTaskDispatcher with 24 workers.
 -> (artifact id: '46d73ff4850746fd4b8a5e7a0cf11bb3') in 0.079621 seconds
Number of updated asset objects reloaded before import = 0
Number of asset objects unloaded after import = 4
========================================================================
Received Import Request.
  Time since last request: 0.000039 seconds.
  path: Assets/SunboxGames/Avatars/Resources/Presets/avatar_preset_jogger_girl.txt
  artifactKey: Guid(1ad00183786d6d04cb2eab51932da674) Importer(2089858483,0ecaa5967403d082aa24f35e1b516d23)
Start importing Assets/SunboxGames/Avatars/Resources/Presets/avatar_preset_jogger_girl.txt using Guid(1ad00183786d6d04cb2eab51932da674) Importer(2089858483,0ecaa5967403d082aa24f35e1b516d23) [PhysX] Initialized MultithreadedTaskDispatcher with 24 workers.
 -> (artifact id: '40153eab67005ebf2cc94c28d5b33a32') in 0.028984 seconds
Number of updated asset objects reloaded before import = 0
Number of asset objects unloaded after import = 1
========================================================================
Received Import Request.
  Time since last request: 0.000044 seconds.
  path: Assets/Low Poly Furniture/Models/Small Mouse.fbx
  artifactKey: Guid(d74a36366eeaa9345a1658de0de381af) Importer(2089858483,0ecaa5967403d082aa24f35e1b516d23)
Start importing Assets/Low Poly Furniture/Models/Small Mouse.fbx using Guid(d74a36366eeaa9345a1658de0de381af) Importer(2089858483,0ecaa5967403d082aa24f35e1b516d23) [PhysX] Initialized MultithreadedTaskDispatcher with 24 workers.
 -> (artifact id: '1bc29f01f8091a4558dcf759bc7bc623') in 0.065078 seconds
Number of updated asset objects reloaded before import = 0
Number of asset objects unloaded after import = 9
========================================================================
Received Import Request.
  Time since last request: 0.000038 seconds.
  path: Assets/Low Poly Furniture/Prefabs/Couch/Couch.prefab
  artifactKey: Guid(5c1b01bd0f7d5ab4b82f4611868cfcaf) Importer(2089858483,0ecaa5967403d082aa24f35e1b516d23)
Start importing Assets/Low Poly Furniture/Prefabs/Couch/Couch.prefab using Guid(5c1b01bd0f7d5ab4b82f4611868cfcaf) Importer(2089858483,0ecaa5967403d082aa24f35e1b516d23) [PhysX] Initialized MultithreadedTaskDispatcher with 24 workers.
 -> (artifact id: '9afee512c8045b4c5a89590c2848a435') in 0.038841 seconds
Number of updated asset objects reloaded before import = 0
Number of asset objects unloaded after import = 8
========================================================================
Received Import Request.
  Time since last request: 0.000041 seconds.
  path: Assets/SunboxGames/Avatars/Materials/Glasses/Tinted_Glass.mat
  artifactKey: Guid(e9461639544778e4f98952f7ce75e1e1) Importer(2089858483,0ecaa5967403d082aa24f35e1b516d23)
Start importing Assets/SunboxGames/Avatars/Materials/Glasses/Tinted_Glass.mat using Guid(e9461639544778e4f98952f7ce75e1e1) Importer(2089858483,0ecaa5967403d082aa24f35e1b516d23) [PhysX] Initialized MultithreadedTaskDispatcher with 24 workers.
 -> (artifact id: '15691b6cf1f26e11e465ccc7ef766f64') in 0.026118 seconds
Number of updated asset objects reloaded before import = 0
Number of asset objects unloaded after import = 1
========================================================================
Received Import Request.
  Time since last request: 0.000055 seconds.
  path: Assets/SunboxGames/Avatars/Materials/Nails/Nails_03.mat
  artifactKey: Guid(a2d247f68bd46874d93853e345d693b0) Importer(2089858483,0ecaa5967403d082aa24f35e1b516d23)
Start importing Assets/SunboxGames/Avatars/Materials/Nails/Nails_03.mat using Guid(a2d247f68bd46874d93853e345d693b0) Importer(2089858483,0ecaa5967403d082aa24f35e1b516d23) [PhysX] Initialized MultithreadedTaskDispatcher with 24 workers.
 -> (artifact id: '9328722d6740f8a8599ce053c0f69fe4') in 0.025106 seconds
Number of updated asset objects reloaded before import = 0
Number of asset objects unloaded after import = 1
========================================================================
Received Import Request.
  Time since last request: 0.000033 seconds.
  path: Assets/SunboxGames/Avatars/Textures/Blouse/Blouse_Normal.png
  artifactKey: Guid(aa3eaa38494f9d844a931b06de0ce408) Importer(2089858483,0ecaa5967403d082aa24f35e1b516d23)
Start importing Assets/SunboxGames/Avatars/Textures/Blouse/Blouse_Normal.png using Guid(aa3eaa38494f9d844a931b06de0ce408) Importer(2089858483,0ecaa5967403d082aa24f35e1b516d23) [PhysX] Initialized MultithreadedTaskDispatcher with 24 workers.
 -> (artifact id: '65bfa1246ad598205e53a1e44d75121e') in 0.073099 seconds
Number of updated asset objects reloaded before import = 0
Number of asset objects unloaded after import = 1
========================================================================
Received Import Request.
  Time since last request: 0.000048 seconds.
  path: Assets/SunboxGames/Avatars/Textures/Dress/Dress_Plaid_Red.png
  artifactKey: Guid(6e6085e032a50f244a62a86fc2793a27) Importer(2089858483,0ecaa5967403d082aa24f35e1b516d23)
Start importing Assets/SunboxGames/Avatars/Textures/Dress/Dress_Plaid_Red.png using Guid(6e6085e032a50f244a62a86fc2793a27) Importer(2089858483,0ecaa5967403d082aa24f35e1b516d23) [PhysX] Initialized MultithreadedTaskDispatcher with 24 workers.
 -> (artifact id: '5715c7be38b371ace1c7cff6fbbbbe7f') in 0.031388 seconds
Number of updated asset objects reloaded before import = 0
Number of asset objects unloaded after import = 1
========================================================================
Received Import Request.
  Time since last request: 0.000030 seconds.
  path: Assets/Low Poly Furniture/Models/Blue Flower.fbx
  artifactKey: Guid(049261c380654ce41a3962a1e1c2d0b5) Importer(2089858483,0ecaa5967403d082aa24f35e1b516d23)
Start importing Assets/Low Poly Furniture/Models/Blue Flower.fbx using Guid(049261c380654ce41a3962a1e1c2d0b5) Importer(2089858483,0ecaa5967403d082aa24f35e1b516d23) [PhysX] Initialized MultithreadedTaskDispatcher with 24 workers.
 -> (artifact id: '9d6ee70aefb2aa3cc24b40cd2b397ebb') in 0.029275 seconds
Number of updated asset objects reloaded before import = 0
Number of asset objects unloaded after import = 9
========================================================================
Received Import Request.
  Time since last request: 0.000046 seconds.
  path: Assets/SunboxGames/Avatars/Resources/Presets/avatar_preset_black_dress_girl.txt
  artifactKey: Guid(d2a13cf464c440e40acef12feeeb0935) Importer(2089858483,0ecaa5967403d082aa24f35e1b516d23)
Start importing Assets/SunboxGames/Avatars/Resources/Presets/avatar_preset_black_dress_girl.txt using Guid(d2a13cf464c440e40acef12feeeb0935) Importer(2089858483,0ecaa5967403d082aa24f35e1b516d23) [PhysX] Initialized MultithreadedTaskDispatcher with 24 workers.
 -> (artifact id: '6120a649242fad3ee64b5af8d9239f38') in 0.022650 seconds
Number of updated asset objects reloaded before import = 0
Number of asset objects unloaded after import = 1
========================================================================
Received Import Request.
  Time since last request: 0.000047 seconds.
  path: Assets/SunboxGames/Avatars/Textures/Acetate
  artifactKey: Guid(77f2891ea56c4bf4785216a080fca33c) Importer(2089858483,0ecaa5967403d082aa24f35e1b516d23)
Start importing Assets/SunboxGames/Avatars/Textures/Acetate using Guid(77f2891ea56c4bf4785216a080fca33c) Importer(2089858483,0ecaa5967403d082aa24f35e1b516d23) [PhysX] Initialized MultithreadedTaskDispatcher with 24 workers.
 -> (artifact id: 'eeada2a9937c2132240c64af65871acf') in 0.020753 seconds
Number of updated asset objects reloaded before import = 0
Number of asset objects unloaded after import = 1
========================================================================
Received Import Request.
  Time since last request: 0.000026 seconds.
  path: Assets/SunboxGames/Avatars/Models/Avatars/Female_Avatar.fbx
  artifactKey: Guid(becf17e664e3f674aaf58f124706786c) Importer(2089858483,0ecaa5967403d082aa24f35e1b516d23)
Start importing Assets/SunboxGames/Avatars/Models/Avatars/Female_Avatar.fbx using Guid(becf17e664e3f674aaf58f124706786c) Importer(2089858483,0ecaa5967403d082aa24f35e1b516d23) [PhysX] Initialized MultithreadedTaskDispatcher with 24 workers.
 -> (artifact id: 'd2abc20783b43ea6781d623bb3f6f843') in 0.069860 seconds
Number of updated asset objects reloaded before import = 0
Number of asset objects unloaded after import = 138
========================================================================
Received Import Request.
  Time since last request: 0.000034 seconds.
  path: Assets/SunboxGames/Avatars/Models/FacialHair/FacialHair_02.fbx
  artifactKey: Guid(82814a4e79b3c1d4e90e3136e7ccad1d) Importer(2089858483,0ecaa5967403d082aa24f35e1b516d23)
Start importing Assets/SunboxGames/Avatars/Models/FacialHair/FacialHair_02.fbx using Guid(82814a4e79b3c1d4e90e3136e7ccad1d) Importer(2089858483,0ecaa5967403d082aa24f35e1b516d23) [PhysX] Initialized MultithreadedTaskDispatcher with 24 workers.
 -> (artifact id: '19fdcd16b7f68fc5f1f1d491cd50f239') in 0.034634 seconds
Number of updated asset objects reloaded before import = 0
Number of asset objects unloaded after import = 126
========================================================================
Received Import Request.
  Time since last request: 0.000072 seconds.
  path: Assets/SunboxGames/Avatars/Resources/Hair/HairItem_02.asset
  artifactKey: Guid(0a06bbd74c85ee846aff34f692f903d3) Importer(2089858483,0ecaa5967403d082aa24f35e1b516d23)
Start importing Assets/SunboxGames/Avatars/Resources/Hair/HairItem_02.asset using Guid(0a06bbd74c85ee846aff34f692f903d3) Importer(2089858483,0ecaa5967403d082aa24f35e1b516d23) [PhysX] Initialized MultithreadedTaskDispatcher with 24 workers.
 -> (artifact id: '373e1b83468a79afec326ecc2d476ac7') in 0.045440 seconds
Number of updated asset objects reloaded before import = 0
Number of asset objects unloaded after import = 13
========================================================================
Received Import Request.
  Time since last request: 0.000020 seconds.
  path: Assets/SunboxGames/Avatars/Textures/Tshirt/Tshirt_Normal.png
  artifactKey: Guid(48ff8d9bdfffdf44dbc1b87640771bdb) Importer(2089858483,0ecaa5967403d082aa24f35e1b516d23)
Start importing Assets/SunboxGames/Avatars/Textures/Tshirt/Tshirt_Normal.png using Guid(48ff8d9bdfffdf44dbc1b87640771bdb) Importer(2089858483,0ecaa5967403d082aa24f35e1b516d23) [PhysX] Initialized MultithreadedTaskDispatcher with 24 workers.
 -> (artifact id: '6c52d2734fe87a80853787a924b7a2b1') in 0.036744 seconds
Number of updated asset objects reloaded before import = 0
Number of asset objects unloaded after import = 1
========================================================================
Received Import Request.
  Time since last request: 0.000028 seconds.
  path: Assets/SunboxGames/Avatars/Textures/Skin_Male/Male_Avatar_Glossiness.png
  artifactKey: Guid(23248a64a2d5eb042bbd3eae9914983c) Importer(2089858483,0ecaa5967403d082aa24f35e1b516d23)
Start importing Assets/SunboxGames/Avatars/Textures/Skin_Male/Male_Avatar_Glossiness.png using Guid(23248a64a2d5eb042bbd3eae9914983c) Importer(2089858483,0ecaa5967403d082aa24f35e1b516d23) [PhysX] Initialized MultithreadedTaskDispatcher with 24 workers.
 -> (artifact id: 'b46a6786077a01a6e3cfb49dfc958326') in 0.061774 seconds
Number of updated asset objects reloaded before import = 0
Number of asset objects unloaded after import = 1
========================================================================
Received Import Request.
  Time since last request: 0.000042 seconds.
  path: Assets/SunboxGames/Avatars/Resources/Hair/HairItem_06.asset
  artifactKey: Guid(31e9bcd4a8a74f147a640bbd45e57932) Importer(2089858483,0ecaa5967403d082aa24f35e1b516d23)
Start importing Assets/SunboxGames/Avatars/Resources/Hair/HairItem_06.asset using Guid(31e9bcd4a8a74f147a640bbd45e57932) Importer(2089858483,0ecaa5967403d082aa24f35e1b516d23) [PhysX] Initialized MultithreadedTaskDispatcher with 24 workers.
 -> (artifact id: '9f64f467815271e887843ccede8ebea6') in 0.041807 seconds
Number of updated asset objects reloaded before import = 0
Number of asset objects unloaded after import = 13
========================================================================
Received Import Request.
  Time since last request: 0.000037 seconds.
  path: Assets/SunboxGames/Avatars/Resources/ClothingItems/Glasses/Clear/ClothingItem_Glasses_04_Clear.asset
  artifactKey: Guid(e0a12ec604f319245adc1e44a19300c3) Importer(2089858483,0ecaa5967403d082aa24f35e1b516d23)
Start importing Assets/SunboxGames/Avatars/Resources/ClothingItems/Glasses/Clear/ClothingItem_Glasses_04_Clear.asset using Guid(e0a12ec604f319245adc1e44a19300c3) Importer(2089858483,0ecaa5967403d082aa24f35e1b516d23) [PhysX] Initialized MultithreadedTaskDispatcher with 24 workers.
 -> (artifact id: '638f6dc5563d798809d0c8181c9410b0') in 0.028493 seconds
Number of updated asset objects reloaded before import = 0
Number of asset objects unloaded after import = 6
========================================================================
Received Import Request.
  Time since last request: 0.000037 seconds.
  path: Assets/SunboxGames/Avatars/Materials/Tshirt/Tshirt_White.mat
  artifactKey: Guid(e22eb847ec21fb544adff5c578b46f7f) Importer(2089858483,0ecaa5967403d082aa24f35e1b516d23)
Start importing Assets/SunboxGames/Avatars/Materials/Tshirt/Tshirt_White.mat using Guid(e22eb847ec21fb544adff5c578b46f7f) Importer(2089858483,0ecaa5967403d082aa24f35e1b516d23) [PhysX] Initialized MultithreadedTaskDispatcher with 24 workers.
 -> (artifact id: '21ab04e32c2b7954a28d35e50cbc7d64') in 0.060837 seconds
Number of updated asset objects reloaded before import = 0
Number of asset objects unloaded after import = 4
========================================================================
Received Import Request.
  Time since last request: 0.000155 seconds.
  path: Assets/SunboxGames/Avatars/Scripts/Extensions.cs
  artifactKey: Guid(940a54afa0bfaf64197973a518142f24) Importer(2089858483,0ecaa5967403d082aa24f35e1b516d23)
Start importing Assets/SunboxGames/Avatars/Scripts/Extensions.cs using Guid(940a54afa0bfaf64197973a518142f24) Importer(2089858483,0ecaa5967403d082aa24f35e1b516d23) [PhysX] Initialized MultithreadedTaskDispatcher with 24 workers.
 -> (artifact id: '64f421bbf5d8883d56cde814eb9c637b') in 0.029847 seconds
Number of updated asset objects reloaded before import = 0
Number of asset objects unloaded after import = 1
========================================================================
Received Import Request.
  Time since last request: 0.000048 seconds.
  path: Assets/Low Poly Furniture/Models/Yellow Book.fbx
  artifactKey: Guid(bb35e30754ded1b458a77799176309ad) Importer(2089858483,0ecaa5967403d082aa24f35e1b516d23)
Start importing Assets/Low Poly Furniture/Models/Yellow Book.fbx using Guid(bb35e30754ded1b458a77799176309ad) Importer(2089858483,0ecaa5967403d082aa24f35e1b516d23) [PhysX] Initialized MultithreadedTaskDispatcher with 24 workers.
 -> (artifact id: '55590f2a5d374196264f97b4615f8426') in 0.029064 seconds
Number of updated asset objects reloaded before import = 0
Number of asset objects unloaded after import = 9
========================================================================
Received Import Request.
  Time since last request: 0.000030 seconds.
  path: Assets/SunboxGames/Avatars/Textures/Eyelashes
  artifactKey: Guid(db04ca5295d69b24e885d0fa306d0220) Importer(2089858483,0ecaa5967403d082aa24f35e1b516d23)
Start importing Assets/SunboxGames/Avatars/Textures/Eyelashes using Guid(db04ca5295d69b24e885d0fa306d0220) Importer(2089858483,0ecaa5967403d082aa24f35e1b516d23) [PhysX] Initialized MultithreadedTaskDispatcher with 24 workers.
 -> (artifact id: 'dad1bd1d8f03f696eef9374365d6404f') in 0.011882 seconds
Number of updated asset objects reloaded before import = 0
Number of asset objects unloaded after import = 1
========================================================================
Received Import Request.
  Time since last request: 0.000032 seconds.
  path: Assets/TextMesh Pro/Resources/Fonts & Materials/LiberationSans SDF.asset
  artifactKey: Guid(8f586378b4e144a9851e7b34d9b748ee) Importer(2089858483,0ecaa5967403d082aa24f35e1b516d23)
Start importing Assets/TextMesh Pro/Resources/Fonts & Materials/LiberationSans SDF.asset using Guid(8f586378b4e144a9851e7b34d9b748ee) Importer(2089858483,0ecaa5967403d082aa24f35e1b516d23) [PhysX] Initialized MultithreadedTaskDispatcher with 24 workers.
 -> (artifact id: '58a1b19535c085bebcbdf86a181f2d48') in 0.071556 seconds
Number of updated asset objects reloaded before import = 0
Number of asset objects unloaded after import = 8
========================================================================
Received Import Request.
  Time since last request: 0.000055 seconds.
  path: Assets/SunboxGames/Avatars/Textures/Dress/Dress_Normal.png
  artifactKey: Guid(392f8bcf86992c047bd2a1ad529ea4d7) Importer(2089858483,0ecaa5967403d082aa24f35e1b516d23)
Start importing Assets/SunboxGames/Avatars/Textures/Dress/Dress_Normal.png using Guid(392f8bcf86992c047bd2a1ad529ea4d7) Importer(2089858483,0ecaa5967403d082aa24f35e1b516d23) [PhysX] Initialized MultithreadedTaskDispatcher with 24 workers.
 -> (artifact id: '029f157e1fda507d47231970e49527ef') in 0.027065 seconds
Number of updated asset objects reloaded before import = 0
Number of asset objects unloaded after import = 1
========================================================================
Received Import Request.
  Time since last request: 0.000018 seconds.
  path: Assets/SunboxGames
  artifactKey: Guid(b0aaa58c44023e54f9284d8bb0dabf70) Importer(2089858483,0ecaa5967403d082aa24f35e1b516d23)
Start importing Assets/SunboxGames using Guid(b0aaa58c44023e54f9284d8bb0dabf70) Importer(2089858483,0ecaa5967403d082aa24f35e1b516d23) [PhysX] Initialized MultithreadedTaskDispatcher with 24 workers.
 -> (artifact id: 'c75f8c151174d4ee61cc493aa7e93873') in 0.015970 seconds
Number of updated asset objects reloaded before import = 0
Number of asset objects unloaded after import = 1
========================================================================
Received Import Request.
  Time since last request: 0.000049 seconds.
  path: Assets/SunboxGames/Avatars/Scripts
  artifactKey: Guid(d95adbd4ee4ee3c40bcc4710f18fcd01) Importer(2089858483,0ecaa5967403d082aa24f35e1b516d23)
Start importing Assets/SunboxGames/Avatars/Scripts using Guid(d95adbd4ee4ee3c40bcc4710f18fcd01) Importer(2089858483,0ecaa5967403d082aa24f35e1b516d23) [PhysX] Initialized MultithreadedTaskDispatcher with 24 workers.
 -> (artifact id: '298a876af224d83429da1c4cb01db30f') in 0.015903 seconds
Number of updated asset objects reloaded before import = 0
Number of asset objects unloaded after import = 1
========================================================================
Received Import Request.
  Time since last request: 0.000043 seconds.
  path: Assets/SunboxGames/Avatars/Materials/Suit_Shoes
  artifactKey: Guid(3f580d1d915549744bd015ef09ffc271) Importer(2089858483,0ecaa5967403d082aa24f35e1b516d23)
Start importing Assets/SunboxGames/Avatars/Materials/Suit_Shoes using Guid(3f580d1d915549744bd015ef09ffc271) Importer(2089858483,0ecaa5967403d082aa24f35e1b516d23) [PhysX] Initialized MultithreadedTaskDispatcher with 24 workers.
 -> (artifact id: 'c0fe5ad4e41778a14d10d1c4946134cc') in 0.020329 seconds
Number of updated asset objects reloaded before import = 0
Number of asset objects unloaded after import = 1
========================================================================
Received Import Request.
  Time since last request: 0.000057 seconds.
  path: Assets/SunboxGames/Avatars/Textures/Shirt/Shirtl_SpecularSmoothness.png
  artifactKey: Guid(a3fccbdd8695d91488ab245ea79c97e4) Importer(2089858483,0ecaa5967403d082aa24f35e1b516d23)
Start importing Assets/SunboxGames/Avatars/Textures/Shirt/Shirtl_SpecularSmoothness.png using Guid(a3fccbdd8695d91488ab245ea79c97e4) Importer(2089858483,0ecaa5967403d082aa24f35e1b516d23) [PhysX] Initialized MultithreadedTaskDispatcher with 24 workers.
 -> (artifact id: 'd87ce5a5a0606881489d21219b133106') in 0.042590 seconds
Number of updated asset objects reloaded before import = 0
Number of asset objects unloaded after import = 1
========================================================================
Received Import Request.
  Time since last request: 0.000043 seconds.
  path: Assets/Low Poly Furniture/Prefabs/Table/Table.prefab
  artifactKey: Guid(e8fdddcfe6bbce444aff1122997577f4) Importer(2089858483,0ecaa5967403d082aa24f35e1b516d23)
Start importing Assets/Low Poly Furniture/Prefabs/Table/Table.prefab using Guid(e8fdddcfe6bbce444aff1122997577f4) Importer(2089858483,0ecaa5967403d082aa24f35e1b516d23) [PhysX] Initialized MultithreadedTaskDispatcher with 24 workers.
 -> (artifact id: '588ce716c46d7ec0348705a0e3cbf201') in 0.037255 seconds
Number of updated asset objects reloaded before import = 0
Number of asset objects unloaded after import = 8
========================================================================
Received Import Request.
  Time since last request: 0.000025 seconds.
  path: Assets/SunboxGames/Avatars/Scripts/Slot.cs
  artifactKey: Guid(6d9b04bfd3196eb4f8cd4828168cd15e) Importer(2089858483,0ecaa5967403d082aa24f35e1b516d23)
Start importing Assets/SunboxGames/Avatars/Scripts/Slot.cs using Guid(6d9b04bfd3196eb4f8cd4828168cd15e) Importer(2089858483,0ecaa5967403d082aa24f35e1b516d23) [PhysX] Initialized MultithreadedTaskDispatcher with 24 workers.
 -> (artifact id: 'ab6bedf11eb5e442fc59794b3312e0b1') in 0.017783 seconds
Number of updated asset objects reloaded before import = 0
Number of asset objects unloaded after import = 1
========================================================================
Received Import Request.
  Time since last request: 0.000053 seconds.
  path: Assets/Low Poly Furniture/Prefabs/Bed/Single Bed.prefab
  artifactKey: Guid(1189904b73d88054fa88fa5c364c51f3) Importer(2089858483,0ecaa5967403d082aa24f35e1b516d23)
Start importing Assets/Low Poly Furniture/Prefabs/Bed/Single Bed.prefab using Guid(1189904b73d88054fa88fa5c364c51f3) Importer(2089858483,0ecaa5967403d082aa24f35e1b516d23) [PhysX] Initialized MultithreadedTaskDispatcher with 24 workers.
 -> (artifact id: '7c041a394797f57440d7f420f670cdca') in 0.028545 seconds
Number of updated asset objects reloaded before import = 0
Number of asset objects unloaded after import = 14
========================================================================
Received Import Request.
  Time since last request: 0.000038 seconds.
  path: Assets/SunboxGames/Avatars/Resources/ClothingItems/Empty/ClothingItem_Shoes_Empty.asset
  artifactKey: Guid(ee84fb5f39ee4734eafa1f1f36eb8b4e) Importer(2089858483,0ecaa5967403d082aa24f35e1b516d23)
Start importing Assets/SunboxGames/Avatars/Resources/ClothingItems/Empty/ClothingItem_Shoes_Empty.asset using Guid(ee84fb5f39ee4734eafa1f1f36eb8b4e) Importer(2089858483,0ecaa5967403d082aa24f35e1b516d23) [PhysX] Initialized MultithreadedTaskDispatcher with 24 workers.
 -> (artifact id: '5355c7fcd0a7b4d429217b02d22e664f') in 0.023559 seconds
Number of updated asset objects reloaded before import = 0
Number of asset objects unloaded after import = 4
========================================================================
Received Import Request.
  Time since last request: 0.000032 seconds.
  path: Assets/SunboxGames/Avatars/Materials/Eyes
  artifactKey: Guid(be75c09040681f146a1d186692140f0c) Importer(2089858483,0ecaa5967403d082aa24f35e1b516d23)
Start importing Assets/SunboxGames/Avatars/Materials/Eyes using Guid(be75c09040681f146a1d186692140f0c) Importer(2089858483,0ecaa5967403d082aa24f35e1b516d23) [PhysX] Initialized MultithreadedTaskDispatcher with 24 workers.
 -> (artifact id: '395644563ec069e4ded23822ccf27067') in 0.017371 seconds
Number of updated asset objects reloaded before import = 0
Number of asset objects unloaded after import = 1
========================================================================
Received Import Request.
  Time since last request: 0.000027 seconds.
  path: Assets/SunboxGames/Avatars/Models/Hats/Hat_05.fbx
  artifactKey: Guid(9447cdf6f389d564c948952d55fb030d) Importer(2089858483,0ecaa5967403d082aa24f35e1b516d23)
Start importing Assets/SunboxGames/Avatars/Models/Hats/Hat_05.fbx using Guid(9447cdf6f389d564c948952d55fb030d) Importer(2089858483,0ecaa5967403d082aa24f35e1b516d23) [PhysX] Initialized MultithreadedTaskDispatcher with 24 workers.
 -> (artifact id: '8213258dd049164ed1ff6e28c5f5a751') in 0.025624 seconds
Number of updated asset objects reloaded before import = 0
Number of asset objects unloaded after import = 7
========================================================================
Received Import Request.
  Time since last request: 0.000038 seconds.
  path: Assets/SunboxGames/Avatars/Textures/Skirt/Skirt_Normal.png
  artifactKey: Guid(c28d596aaac0c474a8b48e47823eb75a) Importer(2089858483,0ecaa5967403d082aa24f35e1b516d23)
Start importing Assets/SunboxGames/Avatars/Textures/Skirt/Skirt_Normal.png using Guid(c28d596aaac0c474a8b48e47823eb75a) Importer(2089858483,0ecaa5967403d082aa24f35e1b516d23) [PhysX] Initialized MultithreadedTaskDispatcher with 24 workers.
 -> (artifact id: '63f654e0a3805f427dde9bf6a528424c') in 0.030796 seconds
Number of updated asset objects reloaded before import = 0
Number of asset objects unloaded after import = 1
========================================================================
Received Import Request.
  Time since last request: 0.000032 seconds.
  path: Assets/SunboxGames/Avatars/Textures/Blouse/Blouse_SpecularSmoothness.png
  artifactKey: Guid(e4566ba713a8dc34993b8a1c67355ab3) Importer(2089858483,0ecaa5967403d082aa24f35e1b516d23)
Start importing Assets/SunboxGames/Avatars/Textures/Blouse/Blouse_SpecularSmoothness.png using Guid(e4566ba713a8dc34993b8a1c67355ab3) Importer(2089858483,0ecaa5967403d082aa24f35e1b516d23) [PhysX] Initialized MultithreadedTaskDispatcher with 24 workers.
 -> (artifact id: 'd846fab60197738dabbbab7faf8202a5') in 0.028783 seconds
Number of updated asset objects reloaded before import = 0
Number of asset objects unloaded after import = 1
========================================================================
Received Import Request.
  Time since last request: 0.000063 seconds.
  path: Assets/SunboxGames/Avatars/Resources/ClothingItems/Shoes/ClothingItem_Suit_Shoes.asset
  artifactKey: Guid(fd1a66c8d42288d4fbf2d3e2b40a4596) Importer(2089858483,0ecaa5967403d082aa24f35e1b516d23)
Start importing Assets/SunboxGames/Avatars/Resources/ClothingItems/Shoes/ClothingItem_Suit_Shoes.asset using Guid(fd1a66c8d42288d4fbf2d3e2b40a4596) Importer(2089858483,0ecaa5967403d082aa24f35e1b516d23) [PhysX] Initialized MultithreadedTaskDispatcher with 24 workers.
 -> (artifact id: '5e0123d56ac9e1425221984a69efdcf7') in 0.020260 seconds
Number of updated asset objects reloaded before import = 0
Number of asset objects unloaded after import = 5
========================================================================
Received Import Request.
  Time since last request: 0.000042 seconds.
  path: Assets/Low Poly Furniture/Models/L-Shaped Desk.fbx
  artifactKey: Guid(c8dce477da05e754e8e912991abfd95f) Importer(2089858483,0ecaa5967403d082aa24f35e1b516d23)
Start importing Assets/Low Poly Furniture/Models/L-Shaped Desk.fbx using Guid(c8dce477da05e754e8e912991abfd95f) Importer(2089858483,0ecaa5967403d082aa24f35e1b516d23) [PhysX] Initialized MultithreadedTaskDispatcher with 24 workers.
 -> (artifact id: '57ded855047d33a10da0bf7279ebe0fc') in 0.027113 seconds
Number of updated asset objects reloaded before import = 0
Number of asset objects unloaded after import = 9
========================================================================
Received Import Request.
  Time since last request: 0.000027 seconds.
  path: Assets/SunboxGames/Avatars/Textures/Shorts
  artifactKey: Guid(24a554af414ccbb4eaa83130cc927804) Importer(2089858483,0ecaa5967403d082aa24f35e1b516d23)
Start importing Assets/SunboxGames/Avatars/Textures/Shorts using Guid(24a554af414ccbb4eaa83130cc927804) Importer(2089858483,0ecaa5967403d082aa24f35e1b516d23) [PhysX] Initialized MultithreadedTaskDispatcher with 24 workers.
 -> (artifact id: '2641ddb3b69f802f56412f34f0dc2751') in 0.016941 seconds
Number of updated asset objects reloaded before import = 0
Number of asset objects unloaded after import = 1
========================================================================
Received Import Request.
  Time since last request: 0.000062 seconds.
  path: Assets/TextMesh Pro/Shaders/TMP_SDF-Surface-Mobile.shader
  artifactKey: Guid(85187c2149c549c5b33f0cdb02836b17) Importer(2089858483,0ecaa5967403d082aa24f35e1b516d23)
Start importing Assets/TextMesh Pro/Shaders/TMP_SDF-Surface-Mobile.shader using Guid(85187c2149c549c5b33f0cdb02836b17) Importer(2089858483,0ecaa5967403d082aa24f35e1b516d23) [PhysX] Initialized MultithreadedTaskDispatcher with 24 workers.
 -> (artifact id: '9bc0ab64026589ce91a03468d9b0a733') in 0.015820 seconds
Number of updated asset objects reloaded before import = 0
Number of asset objects unloaded after import = 1
========================================================================
Received Import Request.
  Time since last request: 0.000042 seconds.
  path: Assets/SunboxGames/Avatars/Textures
  artifactKey: Guid(43f9911ef6d666747bc5fd01909775cc) Importer(2089858483,0ecaa5967403d082aa24f35e1b516d23)
Start importing Assets/SunboxGames/Avatars/Textures using Guid(43f9911ef6d666747bc5fd01909775cc) Importer(2089858483,0ecaa5967403d082aa24f35e1b516d23) [PhysX] Initialized MultithreadedTaskDispatcher with 24 workers.
 -> (artifact id: '17d42bcedee2c72bf7d19ac4f9609ee3') in 0.014809 seconds
Number of updated asset objects reloaded before import = 0
Number of asset objects unloaded after import = 1
========================================================================
Received Import Request.
  Time since last request: 0.000028 seconds.
  path: Assets/SunboxGames/Avatars/Models/Bottoms/Skirt_01_Female.fbx
  artifactKey: Guid(8a446cfca645a4841bc15bc4bb436db7) Importer(2089858483,0ecaa5967403d082aa24f35e1b516d23)
Start importing Assets/SunboxGames/Avatars/Models/Bottoms/Skirt_01_Female.fbx using Guid(8a446cfca645a4841bc15bc4bb436db7) Importer(2089858483,0ecaa5967403d082aa24f35e1b516d23) [PhysX] Initialized MultithreadedTaskDispatcher with 24 workers.
 -> (artifact id: '6062bff9e57d7add9f983a05865d96dc') in 0.025143 seconds
Number of updated asset objects reloaded before import = 0
Number of asset objects unloaded after import = 131
========================================================================
Received Import Request.
  Time since last request: 0.000023 seconds.
  path: Assets/Plugins/SQLiter
  artifactKey: Guid(c55e46cae8caf5f46a3d5a279d26d797) Importer(2089858483,0ecaa5967403d082aa24f35e1b516d23)
Start importing Assets/Plugins/SQLiter using Guid(c55e46cae8caf5f46a3d5a279d26d797) Importer(2089858483,0ecaa5967403d082aa24f35e1b516d23) [PhysX] Initialized MultithreadedTaskDispatcher with 24 workers.
 -> (artifact id: '8517249fb933560bfb5b88b5d3277213') in 0.015969 seconds
Number of updated asset objects reloaded before import = 0
Number of asset objects unloaded after import = 1
========================================================================
Received Import Request.
  Time since last request: 0.000039 seconds.
  path: Assets/Plugins/SQLiter/DLLs
  artifactKey: Guid(9e7bf0981af15314bb1727786d21ec9c) Importer(2089858483,0ecaa5967403d082aa24f35e1b516d23)
Start importing Assets/Plugins/SQLiter/DLLs using Guid(9e7bf0981af15314bb1727786d21ec9c) Importer(2089858483,0ecaa5967403d082aa24f35e1b516d23) [PhysX] Initialized MultithreadedTaskDispatcher with 24 workers.
 -> (artifact id: 'dbe280031fa8370be62872d801c4176d') in 0.014813 seconds
Number of updated asset objects reloaded before import = 0
Number of asset objects unloaded after import = 1
========================================================================
Received Import Request.
  Time since last request: 0.000032 seconds.
  path: Assets/Low Poly Furniture/Prefabs/Screen
  artifactKey: Guid(b244531444d06b34fa96792f5191a2ac) Importer(2089858483,0ecaa5967403d082aa24f35e1b516d23)
Start importing Assets/Low Poly Furniture/Prefabs/Screen using Guid(b244531444d06b34fa96792f5191a2ac) Importer(2089858483,0ecaa5967403d082aa24f35e1b516d23) [PhysX] Initialized MultithreadedTaskDispatcher with 24 workers.
 -> (artifact id: 'f5e7c2feffbc2526b4415707b2c2c6af') in 0.017096 seconds
Number of updated asset objects reloaded before import = 0
Number of asset objects unloaded after import = 1
========================================================================
Received Import Request.
  Time since last request: 0.000038 seconds.
  path: Assets/Low Poly Furniture/Prefabs/Nightstand
  artifactKey: Guid(4f9c4846fcf3d2543bd24aaa2d96e542) Importer(2089858483,0ecaa5967403d082aa24f35e1b516d23)
Start importing Assets/Low Poly Furniture/Prefabs/Nightstand using Guid(4f9c4846fcf3d2543bd24aaa2d96e542) Importer(2089858483,0ecaa5967403d082aa24f35e1b516d23) [PhysX] Initialized MultithreadedTaskDispatcher with 24 workers.
 -> (artifact id: '7139bb4d594c8aaa8e78df575acffdf6') in 0.014992 seconds
Number of updated asset objects reloaded before import = 0
Number of asset objects unloaded after import = 1
========================================================================
Received Import Request.
  Time since last request: 0.000030 seconds.
  path: Assets/Low Poly Furniture/Prefabs/Mouse
  artifactKey: Guid(fd0508c1b00f58b41a4bb46b01ad21e2) Importer(2089858483,0ecaa5967403d082aa24f35e1b516d23)
Start importing Assets/Low Poly Furniture/Prefabs/Mouse using Guid(fd0508c1b00f58b41a4bb46b01ad21e2) Importer(2089858483,0ecaa5967403d082aa24f35e1b516d23) [PhysX] Initialized MultithreadedTaskDispatcher with 24 workers.
 -> (artifact id: 'c30faff697e284698d03f231a36a12f7') in 0.014109 seconds
Number of updated asset objects reloaded before import = 0
Number of asset objects unloaded after import = 1
Editor requested this worker to shutdown with reason: Scaling down because of idle timeout
TcpMessagingSession - receive error: operation aborted. errorcode: 995, details: スレッドの終了またはアプリケーションの要求によって、I/O 処理は中止されました。
AssetImportWorker is now disconnected from the server
Process exiting
Exiting without the bug reporter. Application will terminate with return code 0